\BOOKMARK [0][-]{chapter.1}{\376\377\0001\000\040\000S\000W\000T\000\040\000P\000r\000a\000k\000t\000i\000k\000u\000m}{}% 1
\BOOKMARK [1][-]{section.1.1}{\376\377\0001\000.\0001\000\040\000C\000h\000a\000n\000g\000e\000l\000o\000g}{chapter.1}% 2
\BOOKMARK [0][-]{chapter.2}{\376\377\0002\000\040\000V\000e\000r\000z\000e\000i\000c\000h\000n\000i\000s\000\040\000d\000e\000r\000\040\000N\000a\000m\000e\000n\000s\000b\000e\000r\000e\000i\000c\000h\000e}{}% 3
\BOOKMARK [1][-]{section.2.1}{\376\377\0002\000.\0001\000\040\000L\000i\000s\000t\000e\000\040\000a\000l\000l\000e\000r\000\040\000N\000a\000m\000e\000n\000s\000b\000e\000r\000e\000i\000c\000h\000e}{chapter.2}% 4
\BOOKMARK [0][-]{chapter.3}{\376\377\0003\000\040\000H\000i\000e\000r\000a\000r\000c\000h\000i\000e\000-\000V\000e\000r\000z\000e\000i\000c\000h\000n\000i\000s}{}% 5
\BOOKMARK [1][-]{section.3.1}{\376\377\0003\000.\0001\000\040\000K\000l\000a\000s\000s\000e\000n\000h\000i\000e\000r\000a\000r\000c\000h\000i\000e}{chapter.3}% 6
\BOOKMARK [0][-]{chapter.4}{\376\377\0004\000\040\000K\000l\000a\000s\000s\000e\000n\000-\000V\000e\000r\000z\000e\000i\000c\000h\000n\000i\000s}{}% 7
\BOOKMARK [1][-]{section.4.1}{\376\377\0004\000.\0001\000\040\000A\000u\000f\000l\000i\000s\000t\000u\000n\000g\000\040\000d\000e\000r\000\040\000K\000l\000a\000s\000s\000e\000n}{chapter.4}% 8
\BOOKMARK [0][-]{chapter.5}{\376\377\0005\000\040\000D\000a\000t\000e\000i\000-\000V\000e\000r\000z\000e\000i\000c\000h\000n\000i\000s}{}% 9
\BOOKMARK [1][-]{section.5.1}{\376\377\0005\000.\0001\000\040\000A\000u\000f\000l\000i\000s\000t\000u\000n\000g\000\040\000d\000e\000r\000\040\000D\000a\000t\000e\000i\000e\000n}{chapter.5}% 10
\BOOKMARK [0][-]{chapter.6}{\376\377\0006\000\040\000D\000o\000k\000u\000m\000e\000n\000t\000a\000t\000i\000o\000n\000\040\000d\000e\000r\000\040\000N\000a\000m\000e\000n\000s\000b\000e\000r\000e\000i\000c\000h\000e}{}% 11
\BOOKMARK [1][-]{section.6.1}{\376\377\0006\000.\0001\000\040\000U\000i\000-\000N\000a\000m\000e\000n\000s\000b\000e\000r\000e\000i\000c\000h\000s\000r\000e\000f\000e\000r\000e\000n\000z}{chapter.6}% 12
\BOOKMARK [0][-]{chapter.7}{\376\377\0007\000\040\000K\000l\000a\000s\000s\000e\000n\000-\000D\000o\000k\000u\000m\000e\000n\000t\000a\000t\000i\000o\000n}{}% 13
\BOOKMARK [1][-]{section.7.1}{\376\377\0007\000.\0001\000\040\000A\000n\000i\000m\000a\000t\000i\000o\000n\000M\000a\000n\000a\000g\000e\000r\000\040\000K\000l\000a\000s\000s\000e\000n\000r\000e\000f\000e\000r\000e\000n\000z}{chapter.7}% 14
\BOOKMARK [2][-]{subsection.7.1.1}{\376\377\0007\000.\0001\000.\0001\000\040\000B\000e\000s\000c\000h\000r\000e\000i\000b\000u\000n\000g\000\040\000d\000e\000r\000\040\000K\000o\000n\000s\000t\000r\000u\000k\000t\000o\000r\000e\000n\000\040\000u\000n\000d\000\040\000D\000e\000s\000t\000r\000u\000k\000t\000o\000r\000e\000n}{section.7.1}% 15
\BOOKMARK [3][-]{subsubsection.7.1.1.1}{\376\377\0007\000.\0001\000.\0001\000.\0001\000\040\000A\000n\000i\000m\000a\000t\000i\000o\000n\000M\000a\000n\000a\000g\000e\000r\000\050\000\051}{subsection.7.1.1}% 16
\BOOKMARK [2][-]{subsection.7.1.2}{\376\377\0007\000.\0001\000.\0002\000\040\000D\000o\000k\000u\000m\000e\000n\000t\000a\000t\000i\000o\000n\000\040\000d\000e\000r\000\040\000E\000l\000e\000m\000e\000n\000t\000f\000u\000n\000k\000t\000i\000o\000n\000e\000n}{section.7.1}% 17
\BOOKMARK [3][-]{subsubsection.7.1.2.1}{\376\377\0007\000.\0001\000.\0002\000.\0001\000\040\000a\000n\000i\000m\000a\000t\000e\000M\000o\000v\000e\000m\000e\000n\000t\000\050\000\051}{subsection.7.1.2}% 18
\BOOKMARK [3][-]{subsubsection.7.1.2.2}{\376\377\0007\000.\0001\000.\0002\000.\0002\000\040\000t\000i\000c\000k\000\050\000\051}{subsection.7.1.2}% 19
\BOOKMARK [2][-]{subsection.7.1.3}{\376\377\0007\000.\0001\000.\0003\000\040\000D\000o\000k\000u\000m\000e\000n\000t\000a\000t\000i\000o\000n\000\040\000d\000e\000r\000\040\000D\000a\000t\000e\000n\000e\000l\000e\000m\000e\000n\000t\000e}{section.7.1}% 20
\BOOKMARK [3][-]{subsubsection.7.1.3.1}{\376\377\0007\000.\0001\000.\0003\000.\0001\000\040\000m\000o\000v\000e\000m\000e\000n\000t\000A\000n\000i\000m\000a\000t\000i\000o\000n\000s}{subsection.7.1.3}% 21
\BOOKMARK [1][-]{section.7.2}{\376\377\0007\000.\0002\000\040\000A\000n\000i\000m\000a\000t\000i\000o\000n\000M\000o\000v\000e\000m\000e\000n\000t\000\040\000K\000l\000a\000s\000s\000e\000n\000r\000e\000f\000e\000r\000e\000n\000z}{chapter.7}% 22
\BOOKMARK [2][-]{subsection.7.2.1}{\376\377\0007\000.\0002\000.\0001\000\040\000B\000e\000s\000c\000h\000r\000e\000i\000b\000u\000n\000g\000\040\000d\000e\000r\000\040\000K\000o\000n\000s\000t\000r\000u\000k\000t\000o\000r\000e\000n\000\040\000u\000n\000d\000\040\000D\000e\000s\000t\000r\000u\000k\000t\000o\000r\000e\000n}{section.7.2}% 23
\BOOKMARK [3][-]{subsubsection.7.2.1.1}{\376\377\0007\000.\0002\000.\0001\000.\0001\000\040\000A\000n\000i\000m\000a\000t\000i\000o\000n\000M\000o\000v\000e\000m\000e\000n\000t\000\050\000\051}{subsection.7.2.1}% 24
\BOOKMARK [2][-]{subsection.7.2.2}{\376\377\0007\000.\0002\000.\0002\000\040\000D\000o\000k\000u\000m\000e\000n\000t\000a\000t\000i\000o\000n\000\040\000d\000e\000r\000\040\000E\000l\000e\000m\000e\000n\000t\000f\000u\000n\000k\000t\000i\000o\000n\000e\000n}{section.7.2}% 25
\BOOKMARK [3][-]{subsubsection.7.2.2.1}{\376\377\0007\000.\0002\000.\0002\000.\0001\000\040\000m\000o\000v\000e\000\050\000\051}{subsection.7.2.2}% 26
\BOOKMARK [3][-]{subsubsection.7.2.2.2}{\376\377\0007\000.\0002\000.\0002\000.\0002\000\040\000p\000a\000r\000s\000e\000P\000a\000t\000h\000\050\000\051}{subsection.7.2.2}% 27
\BOOKMARK [2][-]{subsection.7.2.3}{\376\377\0007\000.\0002\000.\0003\000\040\000D\000o\000k\000u\000m\000e\000n\000t\000a\000t\000i\000o\000n\000\040\000d\000e\000r\000\040\000D\000a\000t\000e\000n\000e\000l\000e\000m\000e\000n\000t\000e}{section.7.2}% 28
\BOOKMARK [3][-]{subsubsection.7.2.3.1}{\376\377\0007\000.\0002\000.\0003\000.\0001\000\040\000i\000t\000e\000m}{subsection.7.2.3}% 29
\BOOKMARK [3][-]{subsubsection.7.2.3.2}{\376\377\0007\000.\0002\000.\0003\000.\0002\000\040\000p\000a\000t\000h}{subsection.7.2.3}% 30
\BOOKMARK [1][-]{section.7.3}{\376\377\0007\000.\0003\000\040\000C\000i\000t\000y\000\040\000K\000l\000a\000s\000s\000e\000n\000r\000e\000f\000e\000r\000e\000n\000z}{chapter.7}% 31
\BOOKMARK [2][-]{subsection.7.3.1}{\376\377\0007\000.\0003\000.\0001\000\040\000B\000e\000s\000c\000h\000r\000e\000i\000b\000u\000n\000g\000\040\000d\000e\000r\000\040\000K\000o\000n\000s\000t\000r\000u\000k\000t\000o\000r\000e\000n\000\040\000u\000n\000d\000\040\000D\000e\000s\000t\000r\000u\000k\000t\000o\000r\000e\000n}{section.7.3}% 32
\BOOKMARK [3][-]{subsubsection.7.3.1.1}{\376\377\0007\000.\0003\000.\0001\000.\0001\000\040\000C\000i\000t\000y\000\050\000\051\000\040\000[\0001\000/\0002\000]}{subsection.7.3.1}% 33
\BOOKMARK [3][-]{subsubsection.7.3.1.2}{\376\377\0007\000.\0003\000.\0001\000.\0002\000\040\000C\000i\000t\000y\000\050\000\051\000\040\000[\0002\000/\0002\000]}{subsection.7.3.1}% 34
\BOOKMARK [2][-]{subsection.7.3.2}{\376\377\0007\000.\0003\000.\0002\000\040\000D\000o\000k\000u\000m\000e\000n\000t\000a\000t\000i\000o\000n\000\040\000d\000e\000r\000\040\000E\000l\000e\000m\000e\000n\000t\000f\000u\000n\000k\000t\000i\000o\000n\000e\000n}{section.7.3}% 35
\BOOKMARK [3][-]{subsubsection.7.3.2.1}{\376\377\0007\000.\0003\000.\0002\000.\0001\000\040\000g\000e\000t\000C\000e\000n\000t\000e\000r\000X\000\050\000\051}{subsection.7.3.2}% 36
\BOOKMARK [3][-]{subsubsection.7.3.2.2}{\376\377\0007\000.\0003\000.\0002\000.\0002\000\040\000g\000e\000t\000C\000e\000n\000t\000e\000r\000Y\000\050\000\051}{subsection.7.3.2}% 37
\BOOKMARK [3][-]{subsubsection.7.3.2.3}{\376\377\0007\000.\0003\000.\0002\000.\0003\000\040\000g\000e\000t\000N\000a\000m\000e\000\050\000\051}{subsection.7.3.2}% 38
\BOOKMARK [3][-]{subsubsection.7.3.2.4}{\376\377\0007\000.\0003\000.\0002\000.\0004\000\040\000g\000e\000t\000S\000i\000z\000e\000\050\000\051}{subsection.7.3.2}% 39
\BOOKMARK [3][-]{subsubsection.7.3.2.5}{\376\377\0007\000.\0003\000.\0002\000.\0005\000\040\000s\000e\000t\000C\000e\000n\000t\000e\000r\000\050\000\051}{subsection.7.3.2}% 40
\BOOKMARK [3][-]{subsubsection.7.3.2.6}{\376\377\0007\000.\0003\000.\0002\000.\0006\000\040\000s\000e\000t\000N\000a\000m\000e\000\050\000\051}{subsection.7.3.2}% 41
\BOOKMARK [3][-]{subsubsection.7.3.2.7}{\376\377\0007\000.\0003\000.\0002\000.\0007\000\040\000s\000e\000t\000S\000i\000z\000e\000\050\000\051}{subsection.7.3.2}% 42
\BOOKMARK [2][-]{subsection.7.3.3}{\376\377\0007\000.\0003\000.\0003\000\040\000D\000o\000k\000u\000m\000e\000n\000t\000a\000t\000i\000o\000n\000\040\000d\000e\000r\000\040\000D\000a\000t\000e\000n\000e\000l\000e\000m\000e\000n\000t\000e}{section.7.3}% 43
\BOOKMARK [3][-]{subsubsection.7.3.3.1}{\376\377\0007\000.\0003\000.\0003\000.\0001\000\040\000c\000e\000n\000t\000e\000r\000X}{subsection.7.3.3}% 44
\BOOKMARK [3][-]{subsubsection.7.3.3.2}{\376\377\0007\000.\0003\000.\0003\000.\0002\000\040\000c\000e\000n\000t\000e\000r\000Y}{subsection.7.3.3}% 45
\BOOKMARK [3][-]{subsubsection.7.3.3.3}{\376\377\0007\000.\0003\000.\0003\000.\0003\000\040\000n\000a\000m\000e}{subsection.7.3.3}% 46
\BOOKMARK [3][-]{subsubsection.7.3.3.4}{\376\377\0007\000.\0003\000.\0003\000.\0004\000\040\000s\000i\000z\000e}{subsection.7.3.3}% 47
\BOOKMARK [1][-]{section.7.4}{\376\377\0007\000.\0004\000\040\000C\000l\000i\000e\000n\000t\000\040\000K\000l\000a\000s\000s\000e\000n\000r\000e\000f\000e\000r\000e\000n\000z}{chapter.7}% 48
\BOOKMARK [2][-]{subsection.7.4.1}{\376\377\0007\000.\0004\000.\0001\000\040\000B\000e\000s\000c\000h\000r\000e\000i\000b\000u\000n\000g\000\040\000d\000e\000r\000\040\000K\000o\000n\000s\000t\000r\000u\000k\000t\000o\000r\000e\000n\000\040\000u\000n\000d\000\040\000D\000e\000s\000t\000r\000u\000k\000t\000o\000r\000e\000n}{section.7.4}% 49
\BOOKMARK [3][-]{subsubsection.7.4.1.1}{\376\377\0007\000.\0004\000.\0001\000.\0001\000\040\000C\000l\000i\000e\000n\000t\000\050\000\051}{subsection.7.4.1}% 50
\BOOKMARK [2][-]{subsection.7.4.2}{\376\377\0007\000.\0004\000.\0002\000\040\000D\000o\000k\000u\000m\000e\000n\000t\000a\000t\000i\000o\000n\000\040\000d\000e\000r\000\040\000E\000l\000e\000m\000e\000n\000t\000f\000u\000n\000k\000t\000i\000o\000n\000e\000n}{section.7.4}% 51
\BOOKMARK [3][-]{subsubsection.7.4.2.1}{\376\377\0007\000.\0004\000.\0002\000.\0001\000\040\000m\000a\000p\000L\000o\000a\000d\000e\000d}{subsection.7.4.2}% 52
\BOOKMARK [3][-]{subsubsection.7.4.2.2}{\376\377\0007\000.\0004\000.\0002\000.\0002\000\040\000o\000n\000L\000e\000f\000t\000c\000l\000i\000c\000k}{subsection.7.4.2}% 53
\BOOKMARK [3][-]{subsubsection.7.4.2.3}{\376\377\0007\000.\0004\000.\0002\000.\0003\000\040\000o\000n\000M\000a\000p\000L\000o\000a\000d\000e\000d}{subsection.7.4.2}% 54
\BOOKMARK [3][-]{subsubsection.7.4.2.4}{\376\377\0007\000.\0004\000.\0002\000.\0004\000\040\000o\000n\000P\000o\000s\000i\000t\000i\000o\000n\000C\000h\000a\000n\000g\000e}{subsection.7.4.2}% 55
\BOOKMARK [3][-]{subsubsection.7.4.2.5}{\376\377\0007\000.\0004\000.\0002\000.\0005\000\040\000o\000n\000R\000i\000g\000h\000t\000c\000l\000i\000c\000k}{subsection.7.4.2}% 56
\BOOKMARK [3][-]{subsubsection.7.4.2.6}{\376\377\0007\000.\0004\000.\0002\000.\0006\000\040\000p\000l\000a\000y\000e\000r\000P\000o\000s\000i\000t\000i\000o\000n\000C\000h\000a\000n\000g\000e}{subsection.7.4.2}% 57
\BOOKMARK [3][-]{subsubsection.7.4.2.7}{\376\377\0007\000.\0004\000.\0002\000.\0007\000\040\000p\000r\000o\000c\000e\000s\000s\000C\000o\000m\000m\000a\000n\000d\000\050\000\051}{subsection.7.4.2}% 58
\BOOKMARK [3][-]{subsubsection.7.4.2.8}{\376\377\0007\000.\0004\000.\0002\000.\0008\000\040\000r\000e\000q\000u\000e\000s\000t\000M\000a\000p\000\050\000\051}{subsection.7.4.2}% 59
\BOOKMARK [3][-]{subsubsection.7.4.2.9}{\376\377\0007\000.\0004\000.\0002\000.\0009\000\040\000r\000u\000n\000\050\000\051}{subsection.7.4.2}% 60
\BOOKMARK [3][-]{subsubsection.7.4.2.10}{\376\377\0007\000.\0004\000.\0002\000.\0001\0000\000\040\000t\000i\000l\000e\000C\000h\000a\000n\000g\000e\000d}{subsection.7.4.2}% 61
\BOOKMARK [2][-]{subsection.7.4.3}{\376\377\0007\000.\0004\000.\0003\000\040\000D\000o\000k\000u\000m\000e\000n\000t\000a\000t\000i\000o\000n\000\040\000d\000e\000r\000\040\000D\000a\000t\000e\000n\000e\000l\000e\000m\000e\000n\000t\000e}{section.7.4}% 62
\BOOKMARK [3][-]{subsubsection.7.4.3.1}{\376\377\0007\000.\0004\000.\0003\000.\0001\000\040\000d\000a\000t\000a\000M\000o\000d\000e\000l}{subsection.7.4.3}% 63
\BOOKMARK [3][-]{subsubsection.7.4.3.2}{\376\377\0007\000.\0004\000.\0003\000.\0002\000\040\000d\000e\000b\000u\000g}{subsection.7.4.3}% 64
\BOOKMARK [3][-]{subsubsection.7.4.3.3}{\376\377\0007\000.\0004\000.\0003\000.\0003\000\040\000s\000c\000e\000n\000e}{subsection.7.4.3}% 65
\BOOKMARK [3][-]{subsubsection.7.4.3.4}{\376\377\0007\000.\0004\000.\0003\000.\0004\000\040\000s\000o\000c\000k\000e\000t}{subsection.7.4.3}% 66
\BOOKMARK [3][-]{subsubsection.7.4.3.5}{\376\377\0007\000.\0004\000.\0003\000.\0005\000\040\000t\000i\000c\000k\000c\000o\000u\000n\000t}{subsection.7.4.3}% 67
\BOOKMARK [1][-]{section.7.5}{\376\377\0007\000.\0005\000\040\000D\000a\000t\000a\000M\000o\000d\000e\000l\000\040\000K\000l\000a\000s\000s\000e\000n\000r\000e\000f\000e\000r\000e\000n\000z}{chapter.7}% 68
\BOOKMARK [2][-]{subsection.7.5.1}{\376\377\0007\000.\0005\000.\0001\000\040\000D\000o\000k\000u\000m\000e\000n\000t\000a\000t\000i\000o\000n\000\040\000d\000e\000r\000\040\000A\000u\000f\000z\000\344\000h\000l\000u\000n\000g\000s\000t\000y\000p\000e\000n}{section.7.5}% 69
\BOOKMARK [3][-]{subsubsection.7.5.1.1}{\376\377\0007\000.\0005\000.\0001\000.\0001\000\040\000M\000O\000D\000E}{subsection.7.5.1}% 70
\BOOKMARK [2][-]{subsection.7.5.2}{\376\377\0007\000.\0005\000.\0002\000\040\000B\000e\000s\000c\000h\000r\000e\000i\000b\000u\000n\000g\000\040\000d\000e\000r\000\040\000K\000o\000n\000s\000t\000r\000u\000k\000t\000o\000r\000e\000n\000\040\000u\000n\000d\000\040\000D\000e\000s\000t\000r\000u\000k\000t\000o\000r\000e\000n}{section.7.5}% 71
\BOOKMARK [3][-]{subsubsection.7.5.2.1}{\376\377\0007\000.\0005\000.\0002\000.\0001\000\040\000D\000a\000t\000a\000M\000o\000d\000e\000l\000\050\000\051}{subsection.7.5.2}% 72
\BOOKMARK [2][-]{subsection.7.5.3}{\376\377\0007\000.\0005\000.\0003\000\040\000D\000o\000k\000u\000m\000e\000n\000t\000a\000t\000i\000o\000n\000\040\000d\000e\000r\000\040\000E\000l\000e\000m\000e\000n\000t\000f\000u\000n\000k\000t\000i\000o\000n\000e\000n}{section.7.5}% 73
\BOOKMARK [3][-]{subsubsection.7.5.3.1}{\376\377\0007\000.\0005\000.\0003\000.\0001\000\040\000f\000o\000r\000m\000a\000t\000T\000i\000m\000e\000\050\000\051}{subsection.7.5.3}% 74
\BOOKMARK [3][-]{subsubsection.7.5.3.2}{\376\377\0007\000.\0005\000.\0003\000.\0002\000\040\000g\000e\000t\000A\000n\000i\000m\000a\000t\000i\000o\000n\000M\000a\000n\000a\000g\000e\000r\000\050\000\051}{subsection.7.5.3}% 75
\BOOKMARK [3][-]{subsubsection.7.5.3.3}{\376\377\0007\000.\0005\000.\0003\000.\0003\000\040\000g\000e\000t\000B\000a\000l\000a\000n\000c\000e\000\050\000\051}{subsection.7.5.3}% 76
\BOOKMARK [3][-]{subsubsection.7.5.3.4}{\376\377\0007\000.\0005\000.\0003\000.\0004\000\040\000g\000e\000t\000H\000o\000v\000e\000r\000X\000\050\000\051}{subsection.7.5.3}% 77
\BOOKMARK [3][-]{subsubsection.7.5.3.5}{\376\377\0007\000.\0005\000.\0003\000.\0005\000\040\000g\000e\000t\000H\000o\000v\000e\000r\000Y\000\050\000\051}{subsection.7.5.3}% 78
\BOOKMARK [3][-]{subsubsection.7.5.3.6}{\376\377\0007\000.\0005\000.\0003\000.\0006\000\040\000g\000e\000t\000I\000P\000\050\000\051}{subsection.7.5.3}% 79
\BOOKMARK [3][-]{subsubsection.7.5.3.7}{\376\377\0007\000.\0005\000.\0003\000.\0007\000\040\000g\000e\000t\000M\000o\000d\000e\000\050\000\051}{subsection.7.5.3}% 80
\BOOKMARK [3][-]{subsubsection.7.5.3.8}{\376\377\0007\000.\0005\000.\0003\000.\0008\000\040\000g\000e\000t\000P\000o\000r\000t\000\050\000\051}{subsection.7.5.3}% 81
\BOOKMARK [3][-]{subsubsection.7.5.3.9}{\376\377\0007\000.\0005\000.\0003\000.\0009\000\040\000g\000e\000t\000S\000y\000s\000t\000e\000m\000M\000i\000l\000l\000i\000s\000\050\000\051}{subsection.7.5.3}% 82
\BOOKMARK [3][-]{subsubsection.7.5.3.10}{\376\377\0007\000.\0005\000.\0003\000.\0001\0000\000\040\000g\000e\000t\000T\000i\000m\000e\000\050\000\051}{subsection.7.5.3}% 83
\BOOKMARK [3][-]{subsubsection.7.5.3.11}{\376\377\0007\000.\0005\000.\0003\000.\0001\0001\000\040\000p\000o\000s\000i\000t\000i\000o\000n\000C\000h\000a\000n\000g\000e}{subsection.7.5.3}% 84
\BOOKMARK [3][-]{subsubsection.7.5.3.12}{\376\377\0007\000.\0005\000.\0003\000.\0001\0002\000\040\000s\000e\000t\000A\000n\000i\000m\000a\000t\000i\000o\000n\000M\000a\000n\000a\000g\000e\000r\000\050\000\051}{subsection.7.5.3}% 85
\BOOKMARK [3][-]{subsubsection.7.5.3.13}{\376\377\0007\000.\0005\000.\0003\000.\0001\0003\000\040\000s\000e\000t\000B\000r\000i\000d\000g\000e\000M\000o\000d\000e}{subsection.7.5.3}% 86
\BOOKMARK [3][-]{subsubsection.7.5.3.14}{\376\377\0007\000.\0005\000.\0003\000.\0001\0004\000\040\000s\000e\000t\000C\000o\000n\000n\000e\000c\000t\000i\000o\000n\000I\000n\000f\000o\000\050\000\051}{subsection.7.5.3}% 87
\BOOKMARK [3][-]{subsubsection.7.5.3.15}{\376\377\0007\000.\0005\000.\0003\000.\0001\0005\000\040\000s\000e\000t\000C\000o\000n\000n\000e\000c\000t\000i\000o\000n\000L\000a\000b\000e\000l\000\050\000\051}{subsection.7.5.3}% 88
\BOOKMARK [3][-]{subsubsection.7.5.3.16}{\376\377\0007\000.\0005\000.\0003\000.\0001\0006\000\040\000s\000e\000t\000D\000e\000f\000a\000u\000l\000t\000M\000o\000d\000e}{subsection.7.5.3}% 89
\BOOKMARK [3][-]{subsubsection.7.5.3.17}{\376\377\0007\000.\0005\000.\0003\000.\0001\0007\000\040\000s\000e\000t\000D\000e\000p\000o\000t\000M\000o\000d\000e}{subsection.7.5.3}% 90
\BOOKMARK [3][-]{subsubsection.7.5.3.18}{\376\377\0007\000.\0005\000.\0003\000.\0001\0008\000\040\000s\000e\000t\000G\000u\000i\000B\000a\000l\000a\000n\000c\000e\000L\000a\000b\000e\000l\000\050\000\051}{subsection.7.5.3}% 91
\BOOKMARK [3][-]{subsubsection.7.5.3.19}{\376\377\0007\000.\0005\000.\0003\000.\0001\0009\000\040\000s\000e\000t\000G\000u\000i\000P\000o\000s\000i\000t\000i\000o\000n\000L\000a\000b\000e\000l\000\050\000\051}{subsection.7.5.3}% 92
\BOOKMARK [3][-]{subsubsection.7.5.3.20}{\376\377\0007\000.\0005\000.\0003\000.\0002\0000\000\040\000s\000e\000t\000G\000u\000i\000T\000i\000m\000e\000L\000a\000b\000e\000l\000\050\000\051}{subsection.7.5.3}% 93
\BOOKMARK [3][-]{subsubsection.7.5.3.21}{\376\377\0007\000.\0005\000.\0003\000.\0002\0001\000\040\000s\000e\000t\000M\000a\000p\000L\000o\000a\000d\000e\000d}{subsection.7.5.3}% 94
\BOOKMARK [3][-]{subsubsection.7.5.3.22}{\376\377\0007\000.\0005\000.\0003\000.\0002\0002\000\040\000s\000e\000t\000M\000o\000d\000e\000\050\000\051}{subsection.7.5.3}% 95
\BOOKMARK [3][-]{subsubsection.7.5.3.23}{\376\377\0007\000.\0005\000.\0003\000.\0002\0003\000\040\000s\000e\000t\000R\000a\000i\000l\000P\000l\000a\000c\000e\000m\000e\000n\000t\000M\000o\000d\000e}{subsection.7.5.3}% 96
\BOOKMARK [3][-]{subsubsection.7.5.3.24}{\376\377\0007\000.\0005\000.\0003\000.\0002\0004\000\040\000s\000e\000t\000R\000e\000m\000o\000v\000e\000M\000o\000d\000e}{subsection.7.5.3}% 97
\BOOKMARK [3][-]{subsubsection.7.5.3.25}{\376\377\0007\000.\0005\000.\0003\000.\0002\0005\000\040\000s\000e\000t\000S\000t\000a\000t\000u\000s\000D\000i\000s\000p\000l\000a\000y\000L\000a\000b\000e\000l\000\050\000\051}{subsection.7.5.3}% 98
\BOOKMARK [3][-]{subsubsection.7.5.3.26}{\376\377\0007\000.\0005\000.\0003\000.\0002\0006\000\040\000s\000e\000t\000T\000e\000r\000m\000i\000n\000a\000l\000M\000o\000d\000e}{subsection.7.5.3}% 99
\BOOKMARK [3][-]{subsubsection.7.5.3.27}{\376\377\0007\000.\0005\000.\0003\000.\0002\0007\000\040\000s\000e\000t\000T\000i\000m\000e\000\050\000\051}{subsection.7.5.3}% 100
\BOOKMARK [3][-]{subsubsection.7.5.3.28}{\376\377\0007\000.\0005\000.\0003\000.\0002\0008\000\040\000s\000e\000t\000T\000r\000a\000i\000n\000S\000t\000a\000t\000i\000o\000n\000M\000o\000d\000e}{subsection.7.5.3}% 101
\BOOKMARK [3][-]{subsubsection.7.5.3.29}{\376\377\0007\000.\0005\000.\0003\000.\0002\0009\000\040\000t\000a\000k\000e\000B\000a\000l\000a\000n\000c\000e\000\050\000\051}{subsection.7.5.3}% 102
\BOOKMARK [3][-]{subsubsection.7.5.3.30}{\376\377\0007\000.\0005\000.\0003\000.\0003\0000\000\040\000t\000i\000m\000e\000T\000i\000c\000k\000\050\000\051}{subsection.7.5.3}% 103
\BOOKMARK [3][-]{subsubsection.7.5.3.31}{\376\377\0007\000.\0005\000.\0003\000.\0003\0001\000\040\000u\000p\000d\000a\000t\000e\000B\000a\000l\000a\000n\000c\000e\000\050\000\051}{subsection.7.5.3}% 104
\BOOKMARK [3][-]{subsubsection.7.5.3.32}{\376\377\0007\000.\0005\000.\0003\000.\0003\0002\000\040\000u\000p\000d\000a\000t\000e\000C\000o\000o\000r\000d\000i\000n\000a\000t\000e\000s\000\050\000\051}{subsection.7.5.3}% 105
\BOOKMARK [3][-]{subsubsection.7.5.3.33}{\376\377\0007\000.\0005\000.\0003\000.\0003\0003\000\040\000v\000i\000e\000w\000C\000h\000a\000n\000g\000e}{subsection.7.5.3}% 106
\BOOKMARK [2][-]{subsection.7.5.4}{\376\377\0007\000.\0005\000.\0004\000\040\000D\000o\000k\000u\000m\000e\000n\000t\000a\000t\000i\000o\000n\000\040\000d\000e\000r\000\040\000D\000a\000t\000e\000n\000e\000l\000e\000m\000e\000n\000t\000e}{section.7.5}% 107
\BOOKMARK [3][-]{subsubsection.7.5.4.1}{\376\377\0007\000.\0005\000.\0004\000.\0001\000\040\000a\000n\000i\000m\000a\000t\000i\000o\000n\000M\000a\000n\000a\000g\000e\000r}{subsection.7.5.4}% 108
\BOOKMARK [3][-]{subsubsection.7.5.4.2}{\376\377\0007\000.\0005\000.\0004\000.\0002\000\040\000b\000a\000l\000a\000n\000c\000e}{subsection.7.5.4}% 109
\BOOKMARK [3][-]{subsubsection.7.5.4.3}{\376\377\0007\000.\0005\000.\0004\000.\0003\000\040\000b\000a\000l\000a\000n\000c\000e\000L\000a\000b\000e\000l}{subsection.7.5.4}% 110
\BOOKMARK [3][-]{subsubsection.7.5.4.4}{\376\377\0007\000.\0005\000.\0004\000.\0004\000\040\000c\000o\000n\000n\000e\000c\000t\000i\000o\000n\000L\000a\000b\000e\000l}{subsection.7.5.4}% 111
\BOOKMARK [3][-]{subsubsection.7.5.4.5}{\376\377\0007\000.\0005\000.\0004\000.\0005\000\040\000c\000o\000o\000r\000d\000i\000n\000a\000t\000e\000X}{subsection.7.5.4}% 112
\BOOKMARK [3][-]{subsubsection.7.5.4.6}{\376\377\0007\000.\0005\000.\0004\000.\0006\000\040\000c\000o\000o\000r\000d\000i\000n\000a\000t\000e\000Y}{subsection.7.5.4}% 113
\BOOKMARK [3][-]{subsubsection.7.5.4.7}{\376\377\0007\000.\0005\000.\0004\000.\0007\000\040\000i\000p}{subsection.7.5.4}% 114
\BOOKMARK [3][-]{subsubsection.7.5.4.8}{\376\377\0007\000.\0005\000.\0004\000.\0008\000\040\000m\000a\000p\000L\000o\000a\000d\000e\000d}{subsection.7.5.4}% 115
\BOOKMARK [3][-]{subsubsection.7.5.4.9}{\376\377\0007\000.\0005\000.\0004\000.\0009\000\040\000m\000o\000d\000e}{subsection.7.5.4}% 116
\BOOKMARK [3][-]{subsubsection.7.5.4.10}{\376\377\0007\000.\0005\000.\0004\000.\0001\0000\000\040\000p\000o\000r\000t}{subsection.7.5.4}% 117
\BOOKMARK [3][-]{subsubsection.7.5.4.11}{\376\377\0007\000.\0005\000.\0004\000.\0001\0001\000\040\000p\000o\000s\000i\000t\000i\000o\000n\000L\000a\000b\000e\000l}{subsection.7.5.4}% 118
\BOOKMARK [3][-]{subsubsection.7.5.4.12}{\376\377\0007\000.\0005\000.\0004\000.\0001\0002\000\040\000s\000e\000c\000o\000n\000d\000P\000l\000a\000y\000e\000r}{subsection.7.5.4}% 119
\BOOKMARK [3][-]{subsubsection.7.5.4.13}{\376\377\0007\000.\0005\000.\0004\000.\0001\0003\000\040\000s\000t\000a\000t\000u\000s\000D\000i\000s\000p\000l\000a\000y}{subsection.7.5.4}% 120
\BOOKMARK [3][-]{subsubsection.7.5.4.14}{\376\377\0007\000.\0005\000.\0004\000.\0001\0004\000\040\000t\000i\000m\000e}{subsection.7.5.4}% 121
\BOOKMARK [3][-]{subsubsection.7.5.4.15}{\376\377\0007\000.\0005\000.\0004\000.\0001\0005\000\040\000t\000i\000m\000e\000L\000a\000b\000e\000l}{subsection.7.5.4}% 122
\BOOKMARK [1][-]{section.7.6}{\376\377\0007\000.\0006\000\040\000G\000a\000m\000e\000L\000o\000o\000p\000\040\000K\000l\000a\000s\000s\000e\000n\000r\000e\000f\000e\000r\000e\000n\000z}{chapter.7}% 123
\BOOKMARK [2][-]{subsection.7.6.1}{\376\377\0007\000.\0006\000.\0001\000\040\000B\000e\000s\000c\000h\000r\000e\000i\000b\000u\000n\000g\000\040\000d\000e\000r\000\040\000K\000o\000n\000s\000t\000r\000u\000k\000t\000o\000r\000e\000n\000\040\000u\000n\000d\000\040\000D\000e\000s\000t\000r\000u\000k\000t\000o\000r\000e\000n}{section.7.6}% 124
\BOOKMARK [3][-]{subsubsection.7.6.1.1}{\376\377\0007\000.\0006\000.\0001\000.\0001\000\040\000G\000a\000m\000e\000L\000o\000o\000p\000\050\000\051}{subsection.7.6.1}% 125
\BOOKMARK [2][-]{subsection.7.6.2}{\376\377\0007\000.\0006\000.\0002\000\040\000D\000o\000k\000u\000m\000e\000n\000t\000a\000t\000i\000o\000n\000\040\000d\000e\000r\000\040\000E\000l\000e\000m\000e\000n\000t\000f\000u\000n\000k\000t\000i\000o\000n\000e\000n}{section.7.6}% 126
\BOOKMARK [3][-]{subsubsection.7.6.2.1}{\376\377\0007\000.\0006\000.\0002\000.\0001\000\040\000r\000u\000n\000\050\000\051}{subsection.7.6.2}% 127
\BOOKMARK [2][-]{subsection.7.6.3}{\376\377\0007\000.\0006\000.\0003\000\040\000D\000o\000k\000u\000m\000e\000n\000t\000a\000t\000i\000o\000n\000\040\000d\000e\000r\000\040\000D\000a\000t\000e\000n\000e\000l\000e\000m\000e\000n\000t\000e}{section.7.6}% 128
\BOOKMARK [3][-]{subsubsection.7.6.3.1}{\376\377\0007\000.\0006\000.\0003\000.\0001\000\040\000a\000n\000i\000m\000a\000t\000i\000o\000n\000M\000a\000n\000a\000g\000e\000r}{subsection.7.6.3}% 129
\BOOKMARK [3][-]{subsubsection.7.6.3.2}{\376\377\0007\000.\0006\000.\0003\000.\0002\000\040\000c\000l\000i\000e\000n\000t}{subsection.7.6.3}% 130
\BOOKMARK [3][-]{subsubsection.7.6.3.3}{\376\377\0007\000.\0006\000.\0003\000.\0003\000\040\000d\000a\000t\000a\000M\000o\000d\000e\000l}{subsection.7.6.3}% 131
\BOOKMARK [3][-]{subsubsection.7.6.3.4}{\376\377\0007\000.\0006\000.\0003\000.\0004\000\040\000s\000c\000e\000n\000e}{subsection.7.6.3}% 132
\BOOKMARK [3][-]{subsubsection.7.6.3.5}{\376\377\0007\000.\0006\000.\0003\000.\0005\000\040\000v\000i\000e\000w}{subsection.7.6.3}% 133
\BOOKMARK [1][-]{section.7.7}{\376\377\0007\000.\0007\000\040\000G\000r\000a\000p\000h\000i\000c\000s\000M\000a\000n\000a\000g\000e\000r\000\040\000K\000l\000a\000s\000s\000e\000n\000r\000e\000f\000e\000r\000e\000n\000z}{chapter.7}% 134
\BOOKMARK [2][-]{subsection.7.7.1}{\376\377\0007\000.\0007\000.\0001\000\040\000B\000e\000s\000c\000h\000r\000e\000i\000b\000u\000n\000g\000\040\000d\000e\000r\000\040\000K\000o\000n\000s\000t\000r\000u\000k\000t\000o\000r\000e\000n\000\040\000u\000n\000d\000\040\000D\000e\000s\000t\000r\000u\000k\000t\000o\000r\000e\000n}{section.7.7}% 135
\BOOKMARK [3][-]{subsubsection.7.7.1.1}{\376\377\0007\000.\0007\000.\0001\000.\0001\000\040\000G\000r\000a\000p\000h\000i\000c\000s\000M\000a\000n\000a\000g\000e\000r\000\050\000\051}{subsection.7.7.1}% 136
\BOOKMARK [2][-]{subsection.7.7.2}{\376\377\0007\000.\0007\000.\0002\000\040\000D\000o\000k\000u\000m\000e\000n\000t\000a\000t\000i\000o\000n\000\040\000d\000e\000r\000\040\000E\000l\000e\000m\000e\000n\000t\000f\000u\000n\000k\000t\000i\000o\000n\000e\000n}{section.7.7}% 137
\BOOKMARK [3][-]{subsubsection.7.7.2.1}{\376\377\0007\000.\0007\000.\0002\000.\0001\000\040\000g\000e\000t\000\050\000\051}{subsection.7.7.2}% 138
\BOOKMARK [2][-]{subsection.7.7.3}{\376\377\0007\000.\0007\000.\0003\000\040\000D\000o\000k\000u\000m\000e\000n\000t\000a\000t\000i\000o\000n\000\040\000d\000e\000r\000\040\000D\000a\000t\000e\000n\000e\000l\000e\000m\000e\000n\000t\000e}{section.7.7}% 139
\BOOKMARK [3][-]{subsubsection.7.7.3.1}{\376\377\0007\000.\0007\000.\0003\000.\0001\000\040\000G\000R\000A\000P\000H\000I\000C\000S}{subsection.7.7.3}% 140
\BOOKMARK [1][-]{section.7.8}{\376\377\0007\000.\0008\000\040\000H\000i\000g\000h\000l\000i\000g\000h\000t\000e\000r\000\040\000K\000l\000a\000s\000s\000e\000n\000r\000e\000f\000e\000r\000e\000n\000z}{chapter.7}% 141
\BOOKMARK [2][-]{subsection.7.8.1}{\376\377\0007\000.\0008\000.\0001\000\040\000B\000e\000s\000c\000h\000r\000e\000i\000b\000u\000n\000g\000\040\000d\000e\000r\000\040\000K\000o\000n\000s\000t\000r\000u\000k\000t\000o\000r\000e\000n\000\040\000u\000n\000d\000\040\000D\000e\000s\000t\000r\000u\000k\000t\000o\000r\000e\000n}{section.7.8}% 142
\BOOKMARK [3][-]{subsubsection.7.8.1.1}{\376\377\0007\000.\0008\000.\0001\000.\0001\000\040\000H\000i\000g\000h\000l\000i\000g\000h\000t\000e\000r\000\050\000\051}{subsection.7.8.1}% 143
\BOOKMARK [2][-]{subsection.7.8.2}{\376\377\0007\000.\0008\000.\0002\000\040\000D\000o\000k\000u\000m\000e\000n\000t\000a\000t\000i\000o\000n\000\040\000d\000e\000r\000\040\000E\000l\000e\000m\000e\000n\000t\000f\000u\000n\000k\000t\000i\000o\000n\000e\000n}{section.7.8}% 144
\BOOKMARK [3][-]{subsubsection.7.8.2.1}{\376\377\0007\000.\0008\000.\0002\000.\0001\000\040\000s\000e\000t\000C\000o\000l\000o\000r\000\050\000\051}{subsection.7.8.2}% 145
\BOOKMARK [2][-]{subsection.7.8.3}{\376\377\0007\000.\0008\000.\0003\000\040\000D\000o\000k\000u\000m\000e\000n\000t\000a\000t\000i\000o\000n\000\040\000d\000e\000r\000\040\000D\000a\000t\000e\000n\000e\000l\000e\000m\000e\000n\000t\000e}{section.7.8}% 146
\BOOKMARK [3][-]{subsubsection.7.8.3.1}{\376\377\0007\000.\0008\000.\0003\000.\0001\000\040\000o\000u\000t\000l\000i\000n\000e}{subsection.7.8.3}% 147
\BOOKMARK [1][-]{section.7.9}{\376\377\0007\000.\0009\000\040\000M\000a\000i\000n\000W\000i\000n\000d\000o\000w\000\040\000K\000l\000a\000s\000s\000e\000n\000r\000e\000f\000e\000r\000e\000n\000z}{chapter.7}% 148
\BOOKMARK [2][-]{subsection.7.9.1}{\376\377\0007\000.\0009\000.\0001\000\040\000B\000e\000s\000c\000h\000r\000e\000i\000b\000u\000n\000g\000\040\000d\000e\000r\000\040\000K\000o\000n\000s\000t\000r\000u\000k\000t\000o\000r\000e\000n\000\040\000u\000n\000d\000\040\000D\000e\000s\000t\000r\000u\000k\000t\000o\000r\000e\000n}{section.7.9}% 149
\BOOKMARK [3][-]{subsubsection.7.9.1.1}{\376\377\0007\000.\0009\000.\0001\000.\0001\000\040\000M\000a\000i\000n\000W\000i\000n\000d\000o\000w\000\050\000\051}{subsection.7.9.1}% 150
\BOOKMARK [3][-]{subsubsection.7.9.1.2}{\376\377\0007\000.\0009\000.\0001\000.\0002\000\040\000\040\000M\000a\000i\000n\000W\000i\000n\000d\000o\000w\000\050\000\051}{subsection.7.9.1}% 151
\BOOKMARK [2][-]{subsection.7.9.2}{\376\377\0007\000.\0009\000.\0002\000\040\000D\000o\000k\000u\000m\000e\000n\000t\000a\000t\000i\000o\000n\000\040\000d\000e\000r\000\040\000D\000a\000t\000e\000n\000e\000l\000e\000m\000e\000n\000t\000e}{section.7.9}% 152
\BOOKMARK [3][-]{subsubsection.7.9.2.1}{\376\377\0007\000.\0009\000.\0002\000.\0001\000\040\000u\000i}{subsection.7.9.2}% 153
\BOOKMARK [1][-]{section.7.10}{\376\377\0007\000.\0001\0000\000\040\000M\000a\000p\000T\000i\000l\000e\000\040\000K\000l\000a\000s\000s\000e\000n\000r\000e\000f\000e\000r\000e\000n\000z}{chapter.7}% 154
\BOOKMARK [2][-]{subsection.7.10.1}{\376\377\0007\000.\0001\0000\000.\0001\000\040\000D\000o\000k\000u\000m\000e\000n\000t\000a\000t\000i\000o\000n\000\040\000d\000e\000r\000\040\000A\000u\000f\000z\000\344\000h\000l\000u\000n\000g\000s\000t\000y\000p\000e\000n}{section.7.10}% 155
\BOOKMARK [3][-]{subsubsection.7.10.1.1}{\376\377\0007\000.\0001\0000\000.\0001\000.\0001\000\040\000T\000Y\000P\000E}{subsection.7.10.1}% 156
\BOOKMARK [2][-]{subsection.7.10.2}{\376\377\0007\000.\0001\0000\000.\0002\000\040\000B\000e\000s\000c\000h\000r\000e\000i\000b\000u\000n\000g\000\040\000d\000e\000r\000\040\000K\000o\000n\000s\000t\000r\000u\000k\000t\000o\000r\000e\000n\000\040\000u\000n\000d\000\040\000D\000e\000s\000t\000r\000u\000k\000t\000o\000r\000e\000n}{section.7.10}% 157
\BOOKMARK [3][-]{subsubsection.7.10.2.1}{\376\377\0007\000.\0001\0000\000.\0002\000.\0001\000\040\000M\000a\000p\000T\000i\000l\000e\000\050\000\051\000\040\000[\0001\000/\0002\000]}{subsection.7.10.2}% 158
\BOOKMARK [3][-]{subsubsection.7.10.2.2}{\376\377\0007\000.\0001\0000\000.\0002\000.\0002\000\040\000M\000a\000p\000T\000i\000l\000e\000\050\000\051\000\040\000[\0002\000/\0002\000]}{subsection.7.10.2}% 159
\BOOKMARK [2][-]{subsection.7.10.3}{\376\377\0007\000.\0001\0000\000.\0003\000\040\000D\000o\000k\000u\000m\000e\000n\000t\000a\000t\000i\000o\000n\000\040\000d\000e\000r\000\040\000E\000l\000e\000m\000e\000n\000t\000f\000u\000n\000k\000t\000i\000o\000n\000e\000n}{section.7.10}% 160
\BOOKMARK [3][-]{subsubsection.7.10.3.1}{\376\377\0007\000.\0001\0000\000.\0003\000.\0001\000\040\000a\000t\000t\000a\000c\000h\000G\000r\000a\000p\000h\000i\000c\000s\000M\000a\000n\000a\000g\000e\000r\000\050\000\051}{subsection.7.10.3}% 161
\BOOKMARK [3][-]{subsubsection.7.10.3.2}{\376\377\0007\000.\0001\0000\000.\0003\000.\0002\000\040\000g\000e\000t\000C\000i\000t\000y\000\050\000\051}{subsection.7.10.3}% 162
\BOOKMARK [3][-]{subsubsection.7.10.3.3}{\376\377\0007\000.\0001\0000\000.\0003\000.\0003\000\040\000g\000e\000t\000P\000i\000x\000m\000a\000p\000I\000t\000e\000m\000\050\000\051}{subsection.7.10.3}% 163
\BOOKMARK [3][-]{subsubsection.7.10.3.4}{\376\377\0007\000.\0001\0000\000.\0003\000.\0004\000\040\000g\000e\000t\000R\000o\000t\000a\000t\000i\000o\000n\000\050\000\051}{subsection.7.10.3}% 164
\BOOKMARK [3][-]{subsubsection.7.10.3.5}{\376\377\0007\000.\0001\0000\000.\0003\000.\0005\000\040\000g\000e\000t\000T\000y\000p\000e\000\050\000\051}{subsection.7.10.3}% 165
\BOOKMARK [3][-]{subsubsection.7.10.3.6}{\376\377\0007\000.\0001\0000\000.\0003\000.\0006\000\040\000g\000e\000t\000X\000\050\000\051}{subsection.7.10.3}% 166
\BOOKMARK [3][-]{subsubsection.7.10.3.7}{\376\377\0007\000.\0001\0000\000.\0003\000.\0007\000\040\000g\000e\000t\000Y\000\050\000\051}{subsection.7.10.3}% 167
\BOOKMARK [3][-]{subsubsection.7.10.3.8}{\376\377\0007\000.\0001\0000\000.\0003\000.\0008\000\040\000i\000s\000R\000a\000i\000l\000\050\000\051}{subsection.7.10.3}% 168
\BOOKMARK [3][-]{subsubsection.7.10.3.9}{\376\377\0007\000.\0001\0000\000.\0003\000.\0009\000\040\000i\000s\000R\000i\000v\000e\000r\000\050\000\051}{subsection.7.10.3}% 169
\BOOKMARK [3][-]{subsubsection.7.10.3.10}{\376\377\0007\000.\0001\0000\000.\0003\000.\0001\0000\000\040\000s\000e\000t\000C\000i\000t\000y\000\050\000\051}{subsection.7.10.3}% 170
\BOOKMARK [3][-]{subsubsection.7.10.3.11}{\376\377\0007\000.\0001\0000\000.\0003\000.\0001\0001\000\040\000s\000e\000t\000P\000o\000s\000i\000t\000i\000o\000n\000\050\000\051}{subsection.7.10.3}% 171
\BOOKMARK [3][-]{subsubsection.7.10.3.12}{\376\377\0007\000.\0001\0000\000.\0003\000.\0001\0002\000\040\000s\000e\000t\000R\000o\000t\000a\000t\000i\000o\000n\000\050\000\051}{subsection.7.10.3}% 172
\BOOKMARK [3][-]{subsubsection.7.10.3.13}{\376\377\0007\000.\0001\0000\000.\0003\000.\0001\0003\000\040\000s\000e\000t\000T\000y\000p\000e\000\050\000\051}{subsection.7.10.3}% 173
\BOOKMARK [2][-]{subsection.7.10.4}{\376\377\0007\000.\0001\0000\000.\0004\000\040\000D\000o\000k\000u\000m\000e\000n\000t\000a\000t\000i\000o\000n\000\040\000d\000e\000r\000\040\000D\000a\000t\000e\000n\000e\000l\000e\000m\000e\000n\000t\000e}{section.7.10}% 174
\BOOKMARK [3][-]{subsubsection.7.10.4.1}{\376\377\0007\000.\0001\0000\000.\0004\000.\0001\000\040\000c\000i\000t\000y}{subsection.7.10.4}% 175
\BOOKMARK [3][-]{subsubsection.7.10.4.2}{\376\377\0007\000.\0001\0000\000.\0004\000.\0002\000\040\000c\000u\000r\000r\000e\000n\000t\000R\000o\000t\000a\000t\000i\000o\000n}{subsection.7.10.4}% 176
\BOOKMARK [3][-]{subsubsection.7.10.4.3}{\376\377\0007\000.\0001\0000\000.\0004\000.\0003\000\040\000g\000r\000a\000p\000h\000i\000c\000s\000M\000a\000n\000a\000g\000e\000r}{subsection.7.10.4}% 177
\BOOKMARK [3][-]{subsubsection.7.10.4.4}{\376\377\0007\000.\0001\0000\000.\0004\000.\0004\000\040\000p\000i\000x\000m\000a\000p\000I\000t\000e\000m}{subsection.7.10.4}% 178
\BOOKMARK [3][-]{subsubsection.7.10.4.5}{\376\377\0007\000.\0001\0000\000.\0004\000.\0005\000\040\000t\000y\000p\000e}{subsection.7.10.4}% 179
\BOOKMARK [1][-]{section.7.11}{\376\377\0007\000.\0001\0001\000\040\000M\000e\000n\000u\000B\000a\000r\000\040\000K\000l\000a\000s\000s\000e\000n\000r\000e\000f\000e\000r\000e\000n\000z}{chapter.7}% 180
\BOOKMARK [2][-]{subsection.7.11.1}{\376\377\0007\000.\0001\0001\000.\0001\000\040\000B\000e\000s\000c\000h\000r\000e\000i\000b\000u\000n\000g\000\040\000d\000e\000r\000\040\000K\000o\000n\000s\000t\000r\000u\000k\000t\000o\000r\000e\000n\000\040\000u\000n\000d\000\040\000D\000e\000s\000t\000r\000u\000k\000t\000o\000r\000e\000n}{section.7.11}% 181
\BOOKMARK [3][-]{subsubsection.7.11.1.1}{\376\377\0007\000.\0001\0001\000.\0001\000.\0001\000\040\000M\000e\000n\000u\000B\000a\000r\000\050\000\051}{subsection.7.11.1}% 182
\BOOKMARK [2][-]{subsection.7.11.2}{\376\377\0007\000.\0001\0001\000.\0002\000\040\000D\000o\000k\000u\000m\000e\000n\000t\000a\000t\000i\000o\000n\000\040\000d\000e\000r\000\040\000E\000l\000e\000m\000e\000n\000t\000f\000u\000n\000k\000t\000i\000o\000n\000e\000n}{section.7.11}% 183
\BOOKMARK [3][-]{subsubsection.7.11.2.1}{\376\377\0007\000.\0001\0001\000.\0002\000.\0001\000\040\000s\000l\000o\000t\000C\000l\000o\000s\000e\000C\000o\000n\000n\000e\000c\000t\000i\000o\000n}{subsection.7.11.2}% 184
\BOOKMARK [3][-]{subsubsection.7.11.2.2}{\376\377\0007\000.\0001\0001\000.\0002\000.\0002\000\040\000s\000l\000o\000t\000O\000p\000e\000n\000C\000o\000n\000n\000e\000c\000t\000i\000o\000n}{subsection.7.11.2}% 185
\BOOKMARK [2][-]{subsection.7.11.3}{\376\377\0007\000.\0001\0001\000.\0003\000\040\000D\000o\000k\000u\000m\000e\000n\000t\000a\000t\000i\000o\000n\000\040\000d\000e\000r\000\040\000D\000a\000t\000e\000n\000e\000l\000e\000m\000e\000n\000t\000e}{section.7.11}% 186
\BOOKMARK [3][-]{subsubsection.7.11.3.1}{\376\377\0007\000.\0001\0001\000.\0003\000.\0001\000\040\000d\000a\000t\000a\000M\000o\000d\000e\000l}{subsection.7.11.3}% 187
\BOOKMARK [3][-]{subsubsection.7.11.3.2}{\376\377\0007\000.\0001\0001\000.\0003\000.\0002\000\040\000s\000c\000e\000n\000e}{subsection.7.11.3}% 188
\BOOKMARK [3][-]{subsubsection.7.11.3.3}{\376\377\0007\000.\0001\0001\000.\0003\000.\0003\000\040\000v\000i\000e\000w}{subsection.7.11.3}% 189
\BOOKMARK [1][-]{section.7.12}{\376\377\0007\000.\0001\0002\000\040\000M\000i\000n\000i\000m\000a\000p\000\040\000K\000l\000a\000s\000s\000e\000n\000r\000e\000f\000e\000r\000e\000n\000z}{chapter.7}% 190
\BOOKMARK [2][-]{subsection.7.12.1}{\376\377\0007\000.\0001\0002\000.\0001\000\040\000B\000e\000s\000c\000h\000r\000e\000i\000b\000u\000n\000g\000\040\000d\000e\000r\000\040\000K\000o\000n\000s\000t\000r\000u\000k\000t\000o\000r\000e\000n\000\040\000u\000n\000d\000\040\000D\000e\000s\000t\000r\000u\000k\000t\000o\000r\000e\000n}{section.7.12}% 191
\BOOKMARK [3][-]{subsubsection.7.12.1.1}{\376\377\0007\000.\0001\0002\000.\0001\000.\0001\000\040\000M\000i\000n\000i\000m\000a\000p\000\050\000\051}{subsection.7.12.1}% 192
\BOOKMARK [2][-]{subsection.7.12.2}{\376\377\0007\000.\0001\0002\000.\0002\000\040\000D\000o\000k\000u\000m\000e\000n\000t\000a\000t\000i\000o\000n\000\040\000d\000e\000r\000\040\000E\000l\000e\000m\000e\000n\000t\000f\000u\000n\000k\000t\000i\000o\000n\000e\000n}{section.7.12}% 193
\BOOKMARK [3][-]{subsubsection.7.12.2.1}{\376\377\0007\000.\0001\0002\000.\0002\000.\0001\000\040\000p\000a\000i\000n\000t\000E\000v\000e\000n\000t\000\050\000\051}{subsection.7.12.2}% 194
\BOOKMARK [3][-]{subsubsection.7.12.2.2}{\376\377\0007\000.\0001\0002\000.\0002\000.\0002\000\040\000v\000i\000e\000w\000C\000h\000a\000n\000g\000e}{subsection.7.12.2}% 195
\BOOKMARK [2][-]{subsection.7.12.3}{\376\377\0007\000.\0001\0002\000.\0003\000\040\000D\000o\000k\000u\000m\000e\000n\000t\000a\000t\000i\000o\000n\000\040\000d\000e\000r\000\040\000D\000a\000t\000e\000n\000e\000l\000e\000m\000e\000n\000t\000e}{section.7.12}% 196
\BOOKMARK [3][-]{subsubsection.7.12.3.1}{\376\377\0007\000.\0001\0002\000.\0003\000.\0001\000\040\000c\000o\000m\000p\000a\000s\000s}{subsection.7.12.3}% 197
\BOOKMARK [3][-]{subsubsection.7.12.3.2}{\376\377\0007\000.\0001\0002\000.\0003\000.\0002\000\040\000d\000a\000t\000a\000M\000o\000d\000e\000l}{subsection.7.12.3}% 198
\BOOKMARK [3][-]{subsubsection.7.12.3.3}{\376\377\0007\000.\0001\0002\000.\0003\000.\0003\000\040\000h\000e\000i\000g\000h\000t}{subsection.7.12.3}% 199
\BOOKMARK [3][-]{subsubsection.7.12.3.4}{\376\377\0007\000.\0001\0002\000.\0003\000.\0004\000\040\000l\000o\000c\000a\000t\000i\000o\000n}{subsection.7.12.3}% 200
\BOOKMARK [3][-]{subsubsection.7.12.3.5}{\376\377\0007\000.\0001\0002\000.\0003\000.\0005\000\040\000l\000o\000c\000a\000t\000i\000o\000n\000\137\000w\000h\000i\000t\000e}{subsection.7.12.3}% 201
\BOOKMARK [3][-]{subsubsection.7.12.3.6}{\376\377\0007\000.\0001\0002\000.\0003\000.\0006\000\040\000m\000a\000p\000O\000v\000e\000r\000l\000a\000y}{subsection.7.12.3}% 202
\BOOKMARK [3][-]{subsubsection.7.12.3.7}{\376\377\0007\000.\0001\0002\000.\0003\000.\0007\000\040\000s\000c\000e\000n\000e}{subsection.7.12.3}% 203
\BOOKMARK [3][-]{subsubsection.7.12.3.8}{\376\377\0007\000.\0001\0002\000.\0003\000.\0008\000\040\000v\000i\000e\000w}{subsection.7.12.3}% 204
\BOOKMARK [3][-]{subsubsection.7.12.3.9}{\376\377\0007\000.\0001\0002\000.\0003\000.\0009\000\040\000w\000i\000d\000t\000h}{subsection.7.12.3}% 205
\BOOKMARK [1][-]{section.7.13}{\376\377\0007\000.\0001\0003\000\040\000P\000l\000a\000y\000e\000r\000\040\000K\000l\000a\000s\000s\000e\000n\000r\000e\000f\000e\000r\000e\000n\000z}{chapter.7}% 206
\BOOKMARK [2][-]{subsection.7.13.1}{\376\377\0007\000.\0001\0003\000.\0001\000\040\000B\000e\000s\000c\000h\000r\000e\000i\000b\000u\000n\000g\000\040\000d\000e\000r\000\040\000K\000o\000n\000s\000t\000r\000u\000k\000t\000o\000r\000e\000n\000\040\000u\000n\000d\000\040\000D\000e\000s\000t\000r\000u\000k\000t\000o\000r\000e\000n}{section.7.13}% 207
\BOOKMARK [3][-]{subsubsection.7.13.1.1}{\376\377\0007\000.\0001\0003\000.\0001\000.\0001\000\040\000P\000l\000a\000y\000e\000r\000\050\000\051}{subsection.7.13.1}% 208
\BOOKMARK [2][-]{subsection.7.13.2}{\376\377\0007\000.\0001\0003\000.\0002\000\040\000D\000o\000k\000u\000m\000e\000n\000t\000a\000t\000i\000o\000n\000\040\000d\000e\000r\000\040\000E\000l\000e\000m\000e\000n\000t\000f\000u\000n\000k\000t\000i\000o\000n\000e\000n}{section.7.13}% 209
\BOOKMARK [3][-]{subsubsection.7.13.2.1}{\376\377\0007\000.\0001\0003\000.\0002\000.\0001\000\040\000s\000e\000t\000P\000o\000s\000i\000t\000i\000o\000n\000\050\000\051}{subsection.7.13.2}% 210
\BOOKMARK [2][-]{subsection.7.13.3}{\376\377\0007\000.\0001\0003\000.\0003\000\040\000D\000o\000k\000u\000m\000e\000n\000t\000a\000t\000i\000o\000n\000\040\000d\000e\000r\000\040\000D\000a\000t\000e\000n\000e\000l\000e\000m\000e\000n\000t\000e}{section.7.13}% 211
\BOOKMARK [3][-]{subsubsection.7.13.3.1}{\376\377\0007\000.\0001\0003\000.\0003\000.\0001\000\040\000h\000i\000g\000h\000l\000i\000g\000h\000t\000e\000r}{subsection.7.13.3}% 212
\BOOKMARK [3][-]{subsubsection.7.13.3.2}{\376\377\0007\000.\0001\0003\000.\0003\000.\0002\000\040\000p\000o\000s\000X}{subsection.7.13.3}% 213
\BOOKMARK [3][-]{subsubsection.7.13.3.3}{\376\377\0007\000.\0001\0003\000.\0003\000.\0003\000\040\000p\000o\000s\000Y}{subsection.7.13.3}% 214
\BOOKMARK [1][-]{section.7.14}{\376\377\0007\000.\0001\0004\000\040\000P\000o\000i\000n\000t\000\040\000K\000l\000a\000s\000s\000e\000n\000r\000e\000f\000e\000r\000e\000n\000z}{chapter.7}% 215
\BOOKMARK [2][-]{subsection.7.14.1}{\376\377\0007\000.\0001\0004\000.\0001\000\040\000B\000e\000s\000c\000h\000r\000e\000i\000b\000u\000n\000g\000\040\000d\000e\000r\000\040\000K\000o\000n\000s\000t\000r\000u\000k\000t\000o\000r\000e\000n\000\040\000u\000n\000d\000\040\000D\000e\000s\000t\000r\000u\000k\000t\000o\000r\000e\000n}{section.7.14}% 216
\BOOKMARK [3][-]{subsubsection.7.14.1.1}{\376\377\0007\000.\0001\0004\000.\0001\000.\0001\000\040\000P\000o\000i\000n\000t\000\050\000\051}{subsection.7.14.1}% 217
\BOOKMARK [2][-]{subsection.7.14.2}{\376\377\0007\000.\0001\0004\000.\0002\000\040\000D\000o\000k\000u\000m\000e\000n\000t\000a\000t\000i\000o\000n\000\040\000d\000e\000r\000\040\000E\000l\000e\000m\000e\000n\000t\000f\000u\000n\000k\000t\000i\000o\000n\000e\000n}{section.7.14}% 218
\BOOKMARK [3][-]{subsubsection.7.14.2.1}{\376\377\0007\000.\0001\0004\000.\0002\000.\0001\000\040\000g\000e\000t\000X\000\050\000\051}{subsection.7.14.2}% 219
\BOOKMARK [3][-]{subsubsection.7.14.2.2}{\376\377\0007\000.\0001\0004\000.\0002\000.\0002\000\040\000g\000e\000t\000Y\000\050\000\051}{subsection.7.14.2}% 220
\BOOKMARK [2][-]{subsection.7.14.3}{\376\377\0007\000.\0001\0004\000.\0003\000\040\000D\000o\000k\000u\000m\000e\000n\000t\000a\000t\000i\000o\000n\000\040\000d\000e\000r\000\040\000D\000a\000t\000e\000n\000e\000l\000e\000m\000e\000n\000t\000e}{section.7.14}% 221
\BOOKMARK [3][-]{subsubsection.7.14.3.1}{\376\377\0007\000.\0001\0004\000.\0003\000.\0001\000\040\000x}{subsection.7.14.3}% 222
\BOOKMARK [3][-]{subsubsection.7.14.3.2}{\376\377\0007\000.\0001\0004\000.\0003\000.\0002\000\040\000y}{subsection.7.14.3}% 223
\BOOKMARK [1][-]{section.7.15}{\376\377\0007\000.\0001\0005\000\040\000R\000i\000v\000e\000r\000\040\000K\000l\000a\000s\000s\000e\000n\000r\000e\000f\000e\000r\000e\000n\000z}{chapter.7}% 224
\BOOKMARK [2][-]{subsection.7.15.1}{\376\377\0007\000.\0001\0005\000.\0001\000\040\000B\000e\000s\000c\000h\000r\000e\000i\000b\000u\000n\000g\000\040\000d\000e\000r\000\040\000K\000o\000n\000s\000t\000r\000u\000k\000t\000o\000r\000e\000n\000\040\000u\000n\000d\000\040\000D\000e\000s\000t\000r\000u\000k\000t\000o\000r\000e\000n}{section.7.15}% 225
\BOOKMARK [3][-]{subsubsection.7.15.1.1}{\376\377\0007\000.\0001\0005\000.\0001\000.\0001\000\040\000R\000i\000v\000e\000r\000\050\000\051}{subsection.7.15.1}% 226
\BOOKMARK [1][-]{section.7.16}{\376\377\0007\000.\0001\0006\000\040\000S\000c\000e\000n\000e\000\040\000K\000l\000a\000s\000s\000e\000n\000r\000e\000f\000e\000r\000e\000n\000z}{chapter.7}% 227
\BOOKMARK [2][-]{subsection.7.16.1}{\376\377\0007\000.\0001\0006\000.\0001\000\040\000B\000e\000s\000c\000h\000r\000e\000i\000b\000u\000n\000g\000\040\000d\000e\000r\000\040\000K\000o\000n\000s\000t\000r\000u\000k\000t\000o\000r\000e\000n\000\040\000u\000n\000d\000\040\000D\000e\000s\000t\000r\000u\000k\000t\000o\000r\000e\000n}{section.7.16}% 228
\BOOKMARK [3][-]{subsubsection.7.16.1.1}{\376\377\0007\000.\0001\0006\000.\0001\000.\0001\000\040\000S\000c\000e\000n\000e\000\050\000\051}{subsection.7.16.1}% 229
\BOOKMARK [2][-]{subsection.7.16.2}{\376\377\0007\000.\0001\0006\000.\0002\000\040\000D\000o\000k\000u\000m\000e\000n\000t\000a\000t\000i\000o\000n\000\040\000d\000e\000r\000\040\000E\000l\000e\000m\000e\000n\000t\000f\000u\000n\000k\000t\000i\000o\000n\000e\000n}{section.7.16}% 230
\BOOKMARK [3][-]{subsubsection.7.16.2.1}{\376\377\0007\000.\0001\0006\000.\0002\000.\0001\000\040\000g\000e\000n\000e\000r\000a\000t\000e\000W\000o\000r\000l\000d\000\050\000\051}{subsection.7.16.2}% 231
\BOOKMARK [3][-]{subsubsection.7.16.2.2}{\376\377\0007\000.\0001\0006\000.\0002\000.\0002\000\040\000g\000e\000t\000T\000i\000l\000e\000A\000t\000\050\000\051}{subsection.7.16.2}% 232
\BOOKMARK [3][-]{subsubsection.7.16.2.3}{\376\377\0007\000.\0001\0006\000.\0002\000.\0003\000\040\000o\000n\000S\000e\000t\000T\000i\000l\000e}{subsection.7.16.2}% 233
\BOOKMARK [3][-]{subsubsection.7.16.2.4}{\376\377\0007\000.\0001\0006\000.\0002\000.\0004\000\040\000s\000e\000t\000A\000c\000t\000i\000v\000e\000T\000i\000l\000e\000\050\000\051}{subsection.7.16.2}% 234
\BOOKMARK [3][-]{subsubsection.7.16.2.5}{\376\377\0007\000.\0001\0006\000.\0002\000.\0005\000\040\000s\000e\000t\000T\000i\000l\000e\000A\000t\000\050\000\051}{subsection.7.16.2}% 235
\BOOKMARK [3][-]{subsubsection.7.16.2.6}{\376\377\0007\000.\0001\0006\000.\0002\000.\0006\000\040\000t\000i\000c\000k\000\050\000\051}{subsection.7.16.2}% 236
\BOOKMARK [3][-]{subsubsection.7.16.2.7}{\376\377\0007\000.\0001\0006\000.\0002\000.\0007\000\040\000t\000i\000l\000e\000C\000h\000a\000n\000g\000e\000d\000\050\000\051}{subsection.7.16.2}% 237
\BOOKMARK [3][-]{subsubsection.7.16.2.8}{\376\377\0007\000.\0001\0006\000.\0002\000.\0008\000\040\000t\000i\000l\000e\000U\000p\000d\000a\000t\000e}{subsection.7.16.2}% 238
\BOOKMARK [3][-]{subsubsection.7.16.2.9}{\376\377\0007\000.\0001\0006\000.\0002\000.\0009\000\040\000u\000p\000d\000a\000t\000e\000P\000l\000a\000y\000e\000r\000P\000o\000s\000i\000t\000i\000o\000n}{subsection.7.16.2}% 239
\BOOKMARK [2][-]{subsection.7.16.3}{\376\377\0007\000.\0001\0006\000.\0003\000\040\000D\000o\000k\000u\000m\000e\000n\000t\000a\000t\000i\000o\000n\000\040\000d\000e\000r\000\040\000D\000a\000t\000e\000n\000e\000l\000e\000m\000e\000n\000t\000e}{section.7.16}% 240
\BOOKMARK [3][-]{subsubsection.7.16.3.1}{\376\377\0007\000.\0001\0006\000.\0003\000.\0001\000\040\000a\000c\000t\000i\000v\000e\000T\000i\000l\000e}{subsection.7.16.3}% 241
\BOOKMARK [3][-]{subsubsection.7.16.3.2}{\376\377\0007\000.\0001\0006\000.\0003\000.\0002\000\040\000d\000a\000t\000a}{subsection.7.16.3}% 242
\BOOKMARK [3][-]{subsubsection.7.16.3.3}{\376\377\0007\000.\0001\0006\000.\0003\000.\0003\000\040\000d\000a\000t\000a\000M\000o\000d\000e\000l}{subsection.7.16.3}% 243
\BOOKMARK [3][-]{subsubsection.7.16.3.4}{\376\377\0007\000.\0001\0006\000.\0003\000.\0004\000\040\000g\000r\000a\000p\000h\000i\000c\000s\000M\000a\000n\000a\000g\000e\000r}{subsection.7.16.3}% 244
\BOOKMARK [3][-]{subsubsection.7.16.3.5}{\376\377\0007\000.\0001\0006\000.\0003\000.\0005\000\040\000h\000i\000g\000h\000l\000i\000g\000h\000t\000e\000r}{subsection.7.16.3}% 245
\BOOKMARK [3][-]{subsubsection.7.16.3.6}{\376\377\0007\000.\0001\0006\000.\0003\000.\0006\000\040\000M\000A\000P\000\137\000S\000I\000Z\000E}{subsection.7.16.3}% 246
\BOOKMARK [3][-]{subsubsection.7.16.3.7}{\376\377\0007\000.\0001\0006\000.\0003\000.\0007\000\040\000p\000l\000a\000y\000e\000r\000s}{subsection.7.16.3}% 247
\BOOKMARK [3][-]{subsubsection.7.16.3.8}{\376\377\0007\000.\0001\0006\000.\0003\000.\0008\000\040\000r\000a\000d\000i\000u\000s\000H\000i\000g\000h\000l\000i\000g\000h\000t\000e\000r}{subsection.7.16.3}% 248
\BOOKMARK [3][-]{subsubsection.7.16.3.9}{\376\377\0007\000.\0001\0006\000.\0003\000.\0009\000\040\000s\000e\000c\000o\000n\000d\000P\000l\000a\000y\000e\000r}{subsection.7.16.3}% 249
\BOOKMARK [3][-]{subsubsection.7.16.3.10}{\376\377\0007\000.\0001\0006\000.\0003\000.\0001\0000\000\040\000s\000h\000o\000w\000R\000a\000d\000i\000u\000s}{subsection.7.16.3}% 250
\BOOKMARK [3][-]{subsubsection.7.16.3.11}{\376\377\0007\000.\0001\0006\000.\0003\000.\0001\0001\000\040\000t\000e\000x\000t\000H\000i\000n\000t}{subsection.7.16.3}% 251
\BOOKMARK [3][-]{subsubsection.7.16.3.12}{\376\377\0007\000.\0001\0006\000.\0003\000.\0001\0002\000\040\000T\000I\000L\000E\000\137\000S\000I\000Z\000E}{subsection.7.16.3}% 252
\BOOKMARK [1][-]{section.7.17}{\376\377\0007\000.\0001\0007\000\040\000S\000i\000d\000e\000P\000a\000n\000e\000l\000\040\000K\000l\000a\000s\000s\000e\000n\000r\000e\000f\000e\000r\000e\000n\000z}{chapter.7}% 253
\BOOKMARK [2][-]{subsection.7.17.1}{\376\377\0007\000.\0001\0007\000.\0001\000\040\000B\000e\000s\000c\000h\000r\000e\000i\000b\000u\000n\000g\000\040\000d\000e\000r\000\040\000K\000o\000n\000s\000t\000r\000u\000k\000t\000o\000r\000e\000n\000\040\000u\000n\000d\000\040\000D\000e\000s\000t\000r\000u\000k\000t\000o\000r\000e\000n}{section.7.17}% 254
\BOOKMARK [3][-]{subsubsection.7.17.1.1}{\376\377\0007\000.\0001\0007\000.\0001\000.\0001\000\040\000S\000i\000d\000e\000P\000a\000n\000e\000l\000\050\000\051}{subsection.7.17.1}% 255
\BOOKMARK [2][-]{subsection.7.17.2}{\376\377\0007\000.\0001\0007\000.\0002\000\040\000D\000o\000k\000u\000m\000e\000n\000t\000a\000t\000i\000o\000n\000\040\000d\000e\000r\000\040\000E\000l\000e\000m\000e\000n\000t\000f\000u\000n\000k\000t\000i\000o\000n\000e\000n}{section.7.17}% 256
\BOOKMARK [3][-]{subsubsection.7.17.2.1}{\376\377\0007\000.\0001\0007\000.\0002\000.\0001\000\040\000h\000o\000o\000k\000D\000a\000t\000a\000M\000o\000d\000e\000l\000\050\000\051}{subsection.7.17.2}% 257
\BOOKMARK [2][-]{subsection.7.17.3}{\376\377\0007\000.\0001\0007\000.\0003\000\040\000D\000o\000k\000u\000m\000e\000n\000t\000a\000t\000i\000o\000n\000\040\000d\000e\000r\000\040\000D\000a\000t\000e\000n\000e\000l\000e\000m\000e\000n\000t\000e}{section.7.17}% 258
\BOOKMARK [3][-]{subsubsection.7.17.3.1}{\376\377\0007\000.\0001\0007\000.\0003\000.\0001\000\040\000l\000a\000y\000o\000u\000t}{subsection.7.17.3}% 259
\BOOKMARK [3][-]{subsubsection.7.17.3.2}{\376\377\0007\000.\0001\0007\000.\0003\000.\0002\000\040\000m\000o\000n\000e\000y\000L\000a\000b\000e\000l}{subsection.7.17.3}% 260
\BOOKMARK [3][-]{subsubsection.7.17.3.3}{\376\377\0007\000.\0001\0007\000.\0003\000.\0003\000\040\000p\000o\000s\000i\000t\000i\000o\000n\000L\000a\000b\000e\000l}{subsection.7.17.3}% 261
\BOOKMARK [3][-]{subsubsection.7.17.3.4}{\376\377\0007\000.\0001\0007\000.\0003\000.\0004\000\040\000t\000i\000m\000e\000L\000a\000b\000e\000l}{subsection.7.17.3}% 262
\BOOKMARK [1][-]{section.7.18}{\376\377\0007\000.\0001\0008\000\040\000T\000o\000o\000l\000T\000i\000p\000M\000e\000n\000u\000\040\000K\000l\000a\000s\000s\000e\000n\000r\000e\000f\000e\000r\000e\000n\000z}{chapter.7}% 263
\BOOKMARK [2][-]{subsection.7.18.1}{\376\377\0007\000.\0001\0008\000.\0001\000\040\000B\000e\000s\000c\000h\000r\000e\000i\000b\000u\000n\000g\000\040\000d\000e\000r\000\040\000K\000o\000n\000s\000t\000r\000u\000k\000t\000o\000r\000e\000n\000\040\000u\000n\000d\000\040\000D\000e\000s\000t\000r\000u\000k\000t\000o\000r\000e\000n}{section.7.18}% 264
\BOOKMARK [3][-]{subsubsection.7.18.1.1}{\376\377\0007\000.\0001\0008\000.\0001\000.\0001\000\040\000T\000o\000o\000l\000T\000i\000p\000M\000e\000n\000u\000\050\000\051}{subsection.7.18.1}% 265
\BOOKMARK [2][-]{subsection.7.18.2}{\376\377\0007\000.\0001\0008\000.\0002\000\040\000D\000o\000k\000u\000m\000e\000n\000t\000a\000t\000i\000o\000n\000\040\000d\000e\000r\000\040\000E\000l\000e\000m\000e\000n\000t\000f\000u\000n\000k\000t\000i\000o\000n\000e\000n}{section.7.18}% 266
\BOOKMARK [3][-]{subsubsection.7.18.2.1}{\376\377\0007\000.\0001\0008\000.\0002\000.\0001\000\040\000h\000i\000d\000e\000\050\000\051}{subsection.7.18.2}% 267
\BOOKMARK [3][-]{subsubsection.7.18.2.2}{\376\377\0007\000.\0001\0008\000.\0002\000.\0002\000\040\000s\000e\000t\000T\000e\000x\000t\000\050\000\051}{subsection.7.18.2}% 268
\BOOKMARK [3][-]{subsubsection.7.18.2.3}{\376\377\0007\000.\0001\0008\000.\0002\000.\0003\000\040\000s\000h\000o\000w\000A\000t\000\050\000\051}{subsection.7.18.2}% 269
\BOOKMARK [2][-]{subsection.7.18.3}{\376\377\0007\000.\0001\0008\000.\0003\000\040\000D\000o\000k\000u\000m\000e\000n\000t\000a\000t\000i\000o\000n\000\040\000d\000e\000r\000\040\000D\000a\000t\000e\000n\000e\000l\000e\000m\000e\000n\000t\000e}{section.7.18}% 270
\BOOKMARK [3][-]{subsubsection.7.18.3.1}{\376\377\0007\000.\0001\0008\000.\0003\000.\0001\000\040\000t\000e\000x\000t\000l\000a\000b\000e\000l}{subsection.7.18.3}% 271
\BOOKMARK [1][-]{section.7.19}{\376\377\0007\000.\0001\0009\000\040\000V\000i\000e\000w\000\040\000K\000l\000a\000s\000s\000e\000n\000r\000e\000f\000e\000r\000e\000n\000z}{chapter.7}% 272
\BOOKMARK [2][-]{subsection.7.19.1}{\376\377\0007\000.\0001\0009\000.\0001\000\040\000B\000e\000s\000c\000h\000r\000e\000i\000b\000u\000n\000g\000\040\000d\000e\000r\000\040\000K\000o\000n\000s\000t\000r\000u\000k\000t\000o\000r\000e\000n\000\040\000u\000n\000d\000\040\000D\000e\000s\000t\000r\000u\000k\000t\000o\000r\000e\000n}{section.7.19}% 273
\BOOKMARK [3][-]{subsubsection.7.19.1.1}{\376\377\0007\000.\0001\0009\000.\0001\000.\0001\000\040\000V\000i\000e\000w\000\050\000\051}{subsection.7.19.1}% 274
\BOOKMARK [2][-]{subsection.7.19.2}{\376\377\0007\000.\0001\0009\000.\0002\000\040\000D\000o\000k\000u\000m\000e\000n\000t\000a\000t\000i\000o\000n\000\040\000d\000e\000r\000\040\000E\000l\000e\000m\000e\000n\000t\000f\000u\000n\000k\000t\000i\000o\000n\000e\000n}{section.7.19}% 275
\BOOKMARK [3][-]{subsubsection.7.19.2.1}{\376\377\0007\000.\0001\0009\000.\0002\000.\0001\000\040\000e\000n\000a\000b\000l\000e\000A\000n\000i\000m\000a\000t\000i\000o\000n\000\050\000\051}{subsection.7.19.2}% 276
\BOOKMARK [3][-]{subsubsection.7.19.2.2}{\376\377\0007\000.\0001\0009\000.\0002\000.\0002\000\040\000f\000l\000u\000i\000d\000M\000o\000v\000e\000\050\000\051}{subsection.7.19.2}% 277
\BOOKMARK [3][-]{subsubsection.7.19.2.3}{\376\377\0007\000.\0001\0009\000.\0002\000.\0003\000\040\000f\000l\000u\000i\000d\000M\000o\000v\000e\000m\000e\000n\000t\000\050\000\051}{subsection.7.19.2}% 278
\BOOKMARK [3][-]{subsubsection.7.19.2.4}{\376\377\0007\000.\0001\0009\000.\0002\000.\0004\000\040\000f\000l\000u\000i\000d\000Z\000o\000o\000m\000\050\000\051}{subsection.7.19.2}% 279
\BOOKMARK [3][-]{subsubsection.7.19.2.5}{\376\377\0007\000.\0001\0009\000.\0002\000.\0005\000\040\000k\000e\000y\000P\000r\000e\000s\000s\000E\000v\000e\000n\000t\000\050\000\051}{subsection.7.19.2}% 280
\BOOKMARK [3][-]{subsubsection.7.19.2.6}{\376\377\0007\000.\0001\0009\000.\0002\000.\0006\000\040\000l\000e\000f\000t\000c\000l\000i\000c\000k\000\050\000\051}{subsection.7.19.2}% 281
\BOOKMARK [3][-]{subsubsection.7.19.2.7}{\376\377\0007\000.\0001\0009\000.\0002\000.\0007\000\040\000m\000o\000u\000s\000e\000M\000o\000v\000e\000E\000v\000e\000n\000t\000\050\000\051}{subsection.7.19.2}% 282
\BOOKMARK [3][-]{subsubsection.7.19.2.8}{\376\377\0007\000.\0001\0009\000.\0002\000.\0008\000\040\000m\000o\000u\000s\000e\000P\000r\000e\000s\000s\000E\000v\000e\000n\000t\000\050\000\051}{subsection.7.19.2}% 283
\BOOKMARK [3][-]{subsubsection.7.19.2.9}{\376\377\0007\000.\0001\0009\000.\0002\000.\0009\000\040\000m\000o\000u\000s\000e\000R\000e\000l\000e\000a\000s\000e\000E\000v\000e\000n\000t\000\050\000\051}{subsection.7.19.2}% 284
\BOOKMARK [3][-]{subsubsection.7.19.2.10}{\376\377\0007\000.\0001\0009\000.\0002\000.\0001\0000\000\040\000o\000n\000L\000e\000f\000t\000c\000l\000i\000c\000k}{subsection.7.19.2}% 285
\BOOKMARK [3][-]{subsubsection.7.19.2.11}{\376\377\0007\000.\0001\0009\000.\0002\000.\0001\0001\000\040\000o\000n\000R\000i\000g\000h\000t\000c\000l\000i\000c\000k}{subsection.7.19.2}% 286
\BOOKMARK [3][-]{subsubsection.7.19.2.12}{\376\377\0007\000.\0001\0009\000.\0002\000.\0001\0002\000\040\000p\000a\000i\000n\000t\000E\000v\000e\000n\000t\000\050\000\051}{subsection.7.19.2}% 287
\BOOKMARK [3][-]{subsubsection.7.19.2.13}{\376\377\0007\000.\0001\0009\000.\0002\000.\0001\0003\000\040\000r\000i\000g\000h\000t\000c\000l\000i\000c\000k\000\050\000\051}{subsection.7.19.2}% 288
\BOOKMARK [3][-]{subsubsection.7.19.2.14}{\376\377\0007\000.\0001\0009\000.\0002\000.\0001\0004\000\040\000s\000e\000t\000D\000a\000t\000a\000M\000o\000d\000e\000l\000\050\000\051}{subsection.7.19.2}% 289
\BOOKMARK [3][-]{subsubsection.7.19.2.15}{\376\377\0007\000.\0001\0009\000.\0002\000.\0001\0005\000\040\000t\000i\000c\000k\000\050\000\051}{subsection.7.19.2}% 290
\BOOKMARK [3][-]{subsubsection.7.19.2.16}{\376\377\0007\000.\0001\0009\000.\0002\000.\0001\0006\000\040\000w\000h\000e\000e\000l\000E\000v\000e\000n\000t\000\050\000\051}{subsection.7.19.2}% 291
\BOOKMARK [3][-]{subsubsection.7.19.2.17}{\376\377\0007\000.\0001\0009\000.\0002\000.\0001\0007\000\040\000z\000o\000o\000m\000I\000n\000A\000n\000i\000m\000a\000t\000i\000o\000n}{subsection.7.19.2}% 292
\BOOKMARK [2][-]{subsection.7.19.3}{\376\377\0007\000.\0001\0009\000.\0003\000\040\000D\000o\000k\000u\000m\000e\000n\000t\000a\000t\000i\000o\000n\000\040\000d\000e\000r\000\040\000D\000a\000t\000e\000n\000e\000l\000e\000m\000e\000n\000t\000e}{section.7.19}% 293
\BOOKMARK [3][-]{subsubsection.7.19.3.1}{\376\377\0007\000.\0001\0009\000.\0003\000.\0001\000\040\000c\000o\000d\000e\000C\000o\000u\000n\000t}{subsection.7.19.3}% 294
\BOOKMARK [3][-]{subsubsection.7.19.3.2}{\376\377\0007\000.\0001\0009\000.\0003\000.\0002\000\040\000c\000u\000r\000r\000e\000n\000t\000S\000c\000a\000l\000e}{subsection.7.19.3}% 295
\BOOKMARK [3][-]{subsubsection.7.19.3.3}{\376\377\0007\000.\0001\0009\000.\0003\000.\0003\000\040\000d\000a\000t\000a\000M\000o\000d\000e\000l}{subsection.7.19.3}% 296
\BOOKMARK [3][-]{subsubsection.7.19.3.4}{\376\377\0007\000.\0001\0009\000.\0003\000.\0004\000\040\000d\000o\000A\000n\000i\000m\000a\000t\000i\000o\000n\000s}{subsection.7.19.3}% 297
\BOOKMARK [3][-]{subsubsection.7.19.3.5}{\376\377\0007\000.\0001\0009\000.\0003\000.\0005\000\040\000d\000r\000a\000g\000O\000r\000i\000g\000i\000n\000X}{subsection.7.19.3}% 298
\BOOKMARK [3][-]{subsubsection.7.19.3.6}{\376\377\0007\000.\0001\0009\000.\0003\000.\0006\000\040\000d\000r\000a\000g\000O\000r\000i\000g\000i\000n\000Y}{subsection.7.19.3}% 299
\BOOKMARK [3][-]{subsubsection.7.19.3.7}{\376\377\0007\000.\0001\0009\000.\0003\000.\0007\000\040\000d\000r\000a\000g\000P\000o\000s\000X}{subsection.7.19.3}% 300
\BOOKMARK [3][-]{subsubsection.7.19.3.8}{\376\377\0007\000.\0001\0009\000.\0003\000.\0008\000\040\000d\000r\000a\000g\000P\000o\000s\000Y}{subsection.7.19.3}% 301
\BOOKMARK [3][-]{subsubsection.7.19.3.9}{\376\377\0007\000.\0001\0009\000.\0003\000.\0009\000\040\000m\000o\000u\000s\000e\000D\000o\000w\000n}{subsection.7.19.3}% 302
\BOOKMARK [3][-]{subsubsection.7.19.3.10}{\376\377\0007\000.\0001\0009\000.\0003\000.\0001\0000\000\040\000m\000o\000u\000s\000e\000X}{subsection.7.19.3}% 303
\BOOKMARK [3][-]{subsubsection.7.19.3.11}{\376\377\0007\000.\0001\0009\000.\0003\000.\0001\0001\000\040\000m\000o\000u\000s\000e\000Y}{subsection.7.19.3}% 304
\BOOKMARK [3][-]{subsubsection.7.19.3.12}{\376\377\0007\000.\0001\0009\000.\0003\000.\0001\0002\000\040\000s\000c\000e\000n\000e}{subsection.7.19.3}% 305
\BOOKMARK [3][-]{subsubsection.7.19.3.13}{\376\377\0007\000.\0001\0009\000.\0003\000.\0001\0003\000\040\000t\000o\000o\000l\000t\000i\000p}{subsection.7.19.3}% 306
\BOOKMARK [0][-]{chapter.8}{\376\377\0008\000\040\000D\000a\000t\000e\000i\000-\000D\000o\000k\000u\000m\000e\000n\000t\000a\000t\000i\000o\000n}{}% 307
\BOOKMARK [1][-]{section.8.1}{\376\377\0008\000.\0001\000\040\000s\000r\000c\000/\000a\000p\000p\000l\000i\000c\000a\000t\000i\000o\000n\000\137\000s\000e\000r\000v\000e\000r\000/\000a\000n\000i\000m\000a\000t\000i\000o\000n\000m\000a\000n\000a\000g\000e\000r\000.\000c\000p\000p\000-\000D\000a\000t\000e\000i\000r\000e\000f\000e\000r\000e\000n\000z}{chapter.8}% 308
\BOOKMARK [1][-]{section.8.2}{\376\377\0008\000.\0002\000\040\000s\000r\000c\000/\000a\000p\000p\000l\000i\000c\000a\000t\000i\000o\000n\000\137\000s\000e\000r\000v\000e\000r\000/\000a\000n\000i\000m\000a\000t\000i\000o\000n\000m\000a\000n\000a\000g\000e\000r\000.\000h\000-\000D\000a\000t\000e\000i\000r\000e\000f\000e\000r\000e\000n\000z}{chapter.8}% 309
\BOOKMARK [1][-]{section.8.3}{\376\377\0008\000.\0003\000\040\000s\000r\000c\000/\000a\000p\000p\000l\000i\000c\000a\000t\000i\000o\000n\000\137\000s\000e\000r\000v\000e\000r\000/\000a\000n\000i\000m\000a\000t\000i\000o\000n\000m\000o\000v\000e\000m\000e\000n\000t\000.\000c\000p\000p\000-\000D\000a\000t\000e\000i\000r\000e\000f\000e\000r\000e\000n\000z}{chapter.8}% 310
\BOOKMARK [1][-]{section.8.4}{\376\377\0008\000.\0004\000\040\000s\000r\000c\000/\000a\000p\000p\000l\000i\000c\000a\000t\000i\000o\000n\000\137\000s\000e\000r\000v\000e\000r\000/\000a\000n\000i\000m\000a\000t\000i\000o\000n\000m\000o\000v\000e\000m\000e\000n\000t\000.\000h\000-\000D\000a\000t\000e\000i\000r\000e\000f\000e\000r\000e\000n\000z}{chapter.8}% 311
\BOOKMARK [1][-]{section.8.5}{\376\377\0008\000.\0005\000\040\000s\000r\000c\000/\000a\000p\000p\000l\000i\000c\000a\000t\000i\000o\000n\000\137\000s\000e\000r\000v\000e\000r\000/\000c\000i\000t\000y\000.\000c\000p\000p\000-\000D\000a\000t\000e\000i\000r\000e\000f\000e\000r\000e\000n\000z}{chapter.8}% 312
\BOOKMARK [1][-]{section.8.6}{\376\377\0008\000.\0006\000\040\000s\000r\000c\000/\000a\000p\000p\000l\000i\000c\000a\000t\000i\000o\000n\000\137\000s\000e\000r\000v\000e\000r\000/\000c\000i\000t\000y\000.\000h\000-\000D\000a\000t\000e\000i\000r\000e\000f\000e\000r\000e\000n\000z}{chapter.8}% 313
\BOOKMARK [1][-]{section.8.7}{\376\377\0008\000.\0007\000\040\000s\000r\000c\000/\000a\000p\000p\000l\000i\000c\000a\000t\000i\000o\000n\000\137\000s\000e\000r\000v\000e\000r\000/\000c\000l\000i\000e\000n\000t\000.\000c\000p\000p\000-\000D\000a\000t\000e\000i\000r\000e\000f\000e\000r\000e\000n\000z}{chapter.8}% 314
\BOOKMARK [1][-]{section.8.8}{\376\377\0008\000.\0008\000\040\000s\000r\000c\000/\000a\000p\000p\000l\000i\000c\000a\000t\000i\000o\000n\000\137\000s\000e\000r\000v\000e\000r\000/\000c\000l\000i\000e\000n\000t\000.\000h\000-\000D\000a\000t\000e\000i\000r\000e\000f\000e\000r\000e\000n\000z}{chapter.8}% 315
\BOOKMARK [1][-]{section.8.9}{\376\377\0008\000.\0009\000\040\000s\000r\000c\000/\000a\000p\000p\000l\000i\000c\000a\000t\000i\000o\000n\000\137\000s\000e\000r\000v\000e\000r\000/\000d\000a\000t\000a\000m\000o\000d\000e\000l\000.\000c\000p\000p\000-\000D\000a\000t\000e\000i\000r\000e\000f\000e\000r\000e\000n\000z}{chapter.8}% 316
\BOOKMARK [1][-]{section.8.10}{\376\377\0008\000.\0001\0000\000\040\000s\000r\000c\000/\000a\000p\000p\000l\000i\000c\000a\000t\000i\000o\000n\000\137\000s\000e\000r\000v\000e\000r\000/\000d\000a\000t\000a\000m\000o\000d\000e\000l\000.\000h\000-\000D\000a\000t\000e\000i\000r\000e\000f\000e\000r\000e\000n\000z}{chapter.8}% 317
\BOOKMARK [1][-]{section.8.11}{\376\377\0008\000.\0001\0001\000\040\000s\000r\000c\000/\000a\000p\000p\000l\000i\000c\000a\000t\000i\000o\000n\000\137\000s\000e\000r\000v\000e\000r\000/\000g\000a\000m\000e\000l\000o\000o\000p\000.\000c\000p\000p\000-\000D\000a\000t\000e\000i\000r\000e\000f\000e\000r\000e\000n\000z}{chapter.8}% 318
\BOOKMARK [1][-]{section.8.12}{\376\377\0008\000.\0001\0002\000\040\000s\000r\000c\000/\000a\000p\000p\000l\000i\000c\000a\000t\000i\000o\000n\000\137\000s\000e\000r\000v\000e\000r\000/\000g\000a\000m\000e\000l\000o\000o\000p\000.\000h\000-\000D\000a\000t\000e\000i\000r\000e\000f\000e\000r\000e\000n\000z}{chapter.8}% 319
\BOOKMARK [1][-]{section.8.13}{\376\377\0008\000.\0001\0003\000\040\000s\000r\000c\000/\000a\000p\000p\000l\000i\000c\000a\000t\000i\000o\000n\000\137\000s\000e\000r\000v\000e\000r\000/\000g\000r\000a\000p\000h\000i\000c\000s\000m\000a\000n\000a\000g\000e\000r\000.\000c\000p\000p\000-\000D\000a\000t\000e\000i\000r\000e\000f\000e\000r\000e\000n\000z}{chapter.8}% 320
\BOOKMARK [1][-]{section.8.14}{\376\377\0008\000.\0001\0004\000\040\000s\000r\000c\000/\000a\000p\000p\000l\000i\000c\000a\000t\000i\000o\000n\000\137\000s\000e\000r\000v\000e\000r\000/\000g\000r\000a\000p\000h\000i\000c\000s\000m\000a\000n\000a\000g\000e\000r\000.\000h\000-\000D\000a\000t\000e\000i\000r\000e\000f\000e\000r\000e\000n\000z}{chapter.8}% 321
\BOOKMARK [1][-]{section.8.15}{\376\377\0008\000.\0001\0005\000\040\000s\000r\000c\000/\000a\000p\000p\000l\000i\000c\000a\000t\000i\000o\000n\000\137\000s\000e\000r\000v\000e\000r\000/\000h\000i\000g\000h\000l\000i\000g\000h\000t\000e\000r\000.\000c\000p\000p\000-\000D\000a\000t\000e\000i\000r\000e\000f\000e\000r\000e\000n\000z}{chapter.8}% 322
\BOOKMARK [1][-]{section.8.16}{\376\377\0008\000.\0001\0006\000\040\000s\000r\000c\000/\000a\000p\000p\000l\000i\000c\000a\000t\000i\000o\000n\000\137\000s\000e\000r\000v\000e\000r\000/\000h\000i\000g\000h\000l\000i\000g\000h\000t\000e\000r\000.\000h\000-\000D\000a\000t\000e\000i\000r\000e\000f\000e\000r\000e\000n\000z}{chapter.8}% 323
\BOOKMARK [1][-]{section.8.17}{\376\377\0008\000.\0001\0007\000\040\000s\000r\000c\000/\000a\000p\000p\000l\000i\000c\000a\000t\000i\000o\000n\000\137\000s\000e\000r\000v\000e\000r\000/\000m\000a\000i\000n\000.\000c\000p\000p\000-\000D\000a\000t\000e\000i\000r\000e\000f\000e\000r\000e\000n\000z}{chapter.8}% 324
\BOOKMARK [2][-]{subsection.8.17.1}{\376\377\0008\000.\0001\0007\000.\0001\000\040\000D\000o\000k\000u\000m\000e\000n\000t\000a\000t\000i\000o\000n\000\040\000d\000e\000r\000\040\000F\000u\000n\000k\000t\000i\000o\000n\000e\000n}{section.8.17}% 325
\BOOKMARK [3][-]{subsubsection.8.17.1.1}{\376\377\0008\000.\0001\0007\000.\0001\000.\0001\000\040\000m\000a\000i\000n\000\050\000\051}{subsection.8.17.1}% 326
\BOOKMARK [3][-]{subsubsection.8.17.1.2}{\376\377\0008\000.\0001\0007\000.\0001\000.\0002\000\040\000t\000i\000m\000e\000T\000i\000c\000k\000e\000r\000\050\000\051}{subsection.8.17.1}% 327
\BOOKMARK [2][-]{subsection.8.17.2}{\376\377\0008\000.\0001\0007\000.\0002\000\040\000V\000a\000r\000i\000a\000b\000l\000e\000n\000-\000D\000o\000k\000u\000m\000e\000n\000t\000a\000t\000i\000o\000n}{section.8.17}% 328
\BOOKMARK [3][-]{subsubsection.8.17.2.1}{\376\377\0008\000.\0001\0007\000.\0002\000.\0001\000\040\000c\000l\000i\000e\000n\000t}{subsection.8.17.2}% 329
\BOOKMARK [3][-]{subsubsection.8.17.2.2}{\376\377\0008\000.\0001\0007\000.\0002\000.\0002\000\040\000d\000a\000t\000a\000M\000o\000d\000e\000l}{subsection.8.17.2}% 330
\BOOKMARK [3][-]{subsubsection.8.17.2.3}{\376\377\0008\000.\0001\0007\000.\0002\000.\0003\000\040\000g\000a\000m\000e\000R\000u\000n\000n\000i\000n\000g}{subsection.8.17.2}% 331
\BOOKMARK [3][-]{subsubsection.8.17.2.4}{\376\377\0008\000.\0001\0007\000.\0002\000.\0004\000\040\000g\000r\000a\000p\000h\000i\000c\000s}{subsection.8.17.2}% 332
\BOOKMARK [3][-]{subsubsection.8.17.2.5}{\376\377\0008\000.\0001\0007\000.\0002\000.\0005\000\040\000m\000a\000i\000n\000W\000i\000n\000d\000o\000w}{subsection.8.17.2}% 333
\BOOKMARK [3][-]{subsubsection.8.17.2.6}{\376\377\0008\000.\0001\0007\000.\0002\000.\0006\000\040\000s\000c\000e\000n\000e}{subsection.8.17.2}% 334
\BOOKMARK [3][-]{subsubsection.8.17.2.7}{\376\377\0008\000.\0001\0007\000.\0002\000.\0007\000\040\000s\000i\000d\000e\000P\000a\000n\000e\000l}{subsection.8.17.2}% 335
\BOOKMARK [3][-]{subsubsection.8.17.2.8}{\376\377\0008\000.\0001\0007\000.\0002\000.\0008\000\040\000v\000i\000e\000w}{subsection.8.17.2}% 336
\BOOKMARK [1][-]{section.8.18}{\376\377\0008\000.\0001\0008\000\040\000s\000r\000c\000/\000a\000p\000p\000l\000i\000c\000a\000t\000i\000o\000n\000\137\000s\000e\000r\000v\000e\000r\000/\000m\000a\000i\000n\000.\000h\000-\000D\000a\000t\000e\000i\000r\000e\000f\000e\000r\000e\000n\000z}{chapter.8}% 337
\BOOKMARK [2][-]{subsection.8.18.1}{\376\377\0008\000.\0001\0008\000.\0001\000\040\000V\000a\000r\000i\000a\000b\000l\000e\000n\000-\000D\000o\000k\000u\000m\000e\000n\000t\000a\000t\000i\000o\000n}{section.8.18}% 338
\BOOKMARK [3][-]{subsubsection.8.18.1.1}{\376\377\0008\000.\0001\0008\000.\0001\000.\0001\000\040\000c\000l\000i\000e\000n\000t}{subsection.8.18.1}% 339
\BOOKMARK [3][-]{subsubsection.8.18.1.2}{\376\377\0008\000.\0001\0008\000.\0001\000.\0002\000\040\000d\000a\000t\000a\000M\000o\000d\000e\000l}{subsection.8.18.1}% 340
\BOOKMARK [3][-]{subsubsection.8.18.1.3}{\376\377\0008\000.\0001\0008\000.\0001\000.\0003\000\040\000g\000a\000m\000e\000R\000u\000n\000n\000i\000n\000g}{subsection.8.18.1}% 341
\BOOKMARK [3][-]{subsubsection.8.18.1.4}{\376\377\0008\000.\0001\0008\000.\0001\000.\0004\000\040\000m\000a\000i\000n\000W\000i\000n\000d\000o\000w}{subsection.8.18.1}% 342
\BOOKMARK [1][-]{section.8.19}{\376\377\0008\000.\0001\0009\000\040\000s\000r\000c\000/\000a\000p\000p\000l\000i\000c\000a\000t\000i\000o\000n\000\137\000s\000e\000r\000v\000e\000r\000/\000m\000a\000i\000n\000w\000i\000n\000d\000o\000w\000.\000c\000p\000p\000-\000D\000a\000t\000e\000i\000r\000e\000f\000e\000r\000e\000n\000z}{chapter.8}% 343
\BOOKMARK [1][-]{section.8.20}{\376\377\0008\000.\0002\0000\000\040\000s\000r\000c\000/\000a\000p\000p\000l\000i\000c\000a\000t\000i\000o\000n\000\137\000s\000e\000r\000v\000e\000r\000/\000m\000a\000i\000n\000w\000i\000n\000d\000o\000w\000.\000h\000-\000D\000a\000t\000e\000i\000r\000e\000f\000e\000r\000e\000n\000z}{chapter.8}% 344
\BOOKMARK [1][-]{section.8.21}{\376\377\0008\000.\0002\0001\000\040\000s\000r\000c\000/\000a\000p\000p\000l\000i\000c\000a\000t\000i\000o\000n\000\137\000s\000e\000r\000v\000e\000r\000/\000m\000a\000p\000t\000i\000l\000e\000.\000c\000p\000p\000-\000D\000a\000t\000e\000i\000r\000e\000f\000e\000r\000e\000n\000z}{chapter.8}% 345
\BOOKMARK [1][-]{section.8.22}{\376\377\0008\000.\0002\0002\000\040\000s\000r\000c\000/\000a\000p\000p\000l\000i\000c\000a\000t\000i\000o\000n\000\137\000s\000e\000r\000v\000e\000r\000/\000m\000a\000p\000t\000i\000l\000e\000.\000h\000-\000D\000a\000t\000e\000i\000r\000e\000f\000e\000r\000e\000n\000z}{chapter.8}% 346
\BOOKMARK [1][-]{section.8.23}{\376\377\0008\000.\0002\0003\000\040\000s\000r\000c\000/\000a\000p\000p\000l\000i\000c\000a\000t\000i\000o\000n\000\137\000s\000e\000r\000v\000e\000r\000/\000m\000e\000n\000u\000b\000a\000r\000.\000c\000p\000p\000-\000D\000a\000t\000e\000i\000r\000e\000f\000e\000r\000e\000n\000z}{chapter.8}% 347
\BOOKMARK [1][-]{section.8.24}{\376\377\0008\000.\0002\0004\000\040\000s\000r\000c\000/\000a\000p\000p\000l\000i\000c\000a\000t\000i\000o\000n\000\137\000s\000e\000r\000v\000e\000r\000/\000m\000e\000n\000u\000b\000a\000r\000.\000h\000-\000D\000a\000t\000e\000i\000r\000e\000f\000e\000r\000e\000n\000z}{chapter.8}% 348
\BOOKMARK [1][-]{section.8.25}{\376\377\0008\000.\0002\0005\000\040\000s\000r\000c\000/\000a\000p\000p\000l\000i\000c\000a\000t\000i\000o\000n\000\137\000s\000e\000r\000v\000e\000r\000/\000m\000i\000n\000i\000m\000a\000p\000.\000c\000p\000p\000-\000D\000a\000t\000e\000i\000r\000e\000f\000e\000r\000e\000n\000z}{chapter.8}% 349
\BOOKMARK [1][-]{section.8.26}{\376\377\0008\000.\0002\0006\000\040\000s\000r\000c\000/\000a\000p\000p\000l\000i\000c\000a\000t\000i\000o\000n\000\137\000s\000e\000r\000v\000e\000r\000/\000m\000i\000n\000i\000m\000a\000p\000.\000h\000-\000D\000a\000t\000e\000i\000r\000e\000f\000e\000r\000e\000n\000z}{chapter.8}% 350
\BOOKMARK [1][-]{section.8.27}{\376\377\0008\000.\0002\0007\000\040\000s\000r\000c\000/\000a\000p\000p\000l\000i\000c\000a\000t\000i\000o\000n\000\137\000s\000e\000r\000v\000e\000r\000/\000p\000l\000a\000y\000e\000r\000.\000c\000p\000p\000-\000D\000a\000t\000e\000i\000r\000e\000f\000e\000r\000e\000n\000z}{chapter.8}% 351
\BOOKMARK [1][-]{section.8.28}{\376\377\0008\000.\0002\0008\000\040\000s\000r\000c\000/\000a\000p\000p\000l\000i\000c\000a\000t\000i\000o\000n\000\137\000s\000e\000r\000v\000e\000r\000/\000p\000l\000a\000y\000e\000r\000.\000h\000-\000D\000a\000t\000e\000i\000r\000e\000f\000e\000r\000e\000n\000z}{chapter.8}% 352
\BOOKMARK [1][-]{section.8.29}{\376\377\0008\000.\0002\0009\000\040\000s\000r\000c\000/\000a\000p\000p\000l\000i\000c\000a\000t\000i\000o\000n\000\137\000s\000e\000r\000v\000e\000r\000/\000p\000o\000i\000n\000t\000.\000c\000p\000p\000-\000D\000a\000t\000e\000i\000r\000e\000f\000e\000r\000e\000n\000z}{chapter.8}% 353
\BOOKMARK [1][-]{section.8.30}{\376\377\0008\000.\0003\0000\000\040\000s\000r\000c\000/\000a\000p\000p\000l\000i\000c\000a\000t\000i\000o\000n\000\137\000s\000e\000r\000v\000e\000r\000/\000p\000o\000i\000n\000t\000.\000h\000-\000D\000a\000t\000e\000i\000r\000e\000f\000e\000r\000e\000n\000z}{chapter.8}% 354
\BOOKMARK [1][-]{section.8.31}{\376\377\0008\000.\0003\0001\000\040\000s\000r\000c\000/\000a\000p\000p\000l\000i\000c\000a\000t\000i\000o\000n\000\137\000s\000e\000r\000v\000e\000r\000/\000R\000E\000A\000D\000M\000E\000.\000m\000d\000-\000D\000a\000t\000e\000i\000r\000e\000f\000e\000r\000e\000n\000z}{chapter.8}% 355
\BOOKMARK [1][-]{section.8.32}{\376\377\0008\000.\0003\0002\000\040\000s\000r\000c\000/\000a\000p\000p\000l\000i\000c\000a\000t\000i\000o\000n\000\137\000s\000e\000r\000v\000e\000r\000/\000r\000i\000v\000e\000r\000.\000c\000p\000p\000-\000D\000a\000t\000e\000i\000r\000e\000f\000e\000r\000e\000n\000z}{chapter.8}% 356
\BOOKMARK [1][-]{section.8.33}{\376\377\0008\000.\0003\0003\000\040\000s\000r\000c\000/\000a\000p\000p\000l\000i\000c\000a\000t\000i\000o\000n\000\137\000s\000e\000r\000v\000e\000r\000/\000r\000i\000v\000e\000r\000.\000h\000-\000D\000a\000t\000e\000i\000r\000e\000f\000e\000r\000e\000n\000z}{chapter.8}% 357
\BOOKMARK [1][-]{section.8.34}{\376\377\0008\000.\0003\0004\000\040\000s\000r\000c\000/\000a\000p\000p\000l\000i\000c\000a\000t\000i\000o\000n\000\137\000s\000e\000r\000v\000e\000r\000/\000s\000c\000e\000n\000e\000.\000c\000p\000p\000-\000D\000a\000t\000e\000i\000r\000e\000f\000e\000r\000e\000n\000z}{chapter.8}% 358
\BOOKMARK [1][-]{section.8.35}{\376\377\0008\000.\0003\0005\000\040\000s\000r\000c\000/\000a\000p\000p\000l\000i\000c\000a\000t\000i\000o\000n\000\137\000s\000e\000r\000v\000e\000r\000/\000s\000c\000e\000n\000e\000.\000h\000-\000D\000a\000t\000e\000i\000r\000e\000f\000e\000r\000e\000n\000z}{chapter.8}% 359
\BOOKMARK [1][-]{section.8.36}{\376\377\0008\000.\0003\0006\000\040\000s\000r\000c\000/\000a\000p\000p\000l\000i\000c\000a\000t\000i\000o\000n\000\137\000s\000e\000r\000v\000e\000r\000/\000s\000i\000d\000e\000p\000a\000n\000e\000l\000.\000c\000p\000p\000-\000D\000a\000t\000e\000i\000r\000e\000f\000e\000r\000e\000n\000z}{chapter.8}% 360
\BOOKMARK [1][-]{section.8.37}{\376\377\0008\000.\0003\0007\000\040\000s\000r\000c\000/\000a\000p\000p\000l\000i\000c\000a\000t\000i\000o\000n\000\137\000s\000e\000r\000v\000e\000r\000/\000s\000i\000d\000e\000p\000a\000n\000e\000l\000.\000h\000-\000D\000a\000t\000e\000i\000r\000e\000f\000e\000r\000e\000n\000z}{chapter.8}% 361
\BOOKMARK [1][-]{section.8.38}{\376\377\0008\000.\0003\0008\000\040\000s\000r\000c\000/\000a\000p\000p\000l\000i\000c\000a\000t\000i\000o\000n\000\137\000s\000e\000r\000v\000e\000r\000/\000t\000o\000o\000l\000t\000i\000p\000m\000e\000n\000u\000.\000c\000p\000p\000-\000D\000a\000t\000e\000i\000r\000e\000f\000e\000r\000e\000n\000z}{chapter.8}% 362
\BOOKMARK [1][-]{section.8.39}{\376\377\0008\000.\0003\0009\000\040\000s\000r\000c\000/\000a\000p\000p\000l\000i\000c\000a\000t\000i\000o\000n\000\137\000s\000e\000r\000v\000e\000r\000/\000t\000o\000o\000l\000t\000i\000p\000m\000e\000n\000u\000.\000h\000-\000D\000a\000t\000e\000i\000r\000e\000f\000e\000r\000e\000n\000z}{chapter.8}% 363
\BOOKMARK [1][-]{section.8.40}{\376\377\0008\000.\0004\0000\000\040\000s\000r\000c\000/\000a\000p\000p\000l\000i\000c\000a\000t\000i\000o\000n\000\137\000s\000e\000r\000v\000e\000r\000/\000v\000i\000e\000w\000.\000c\000p\000p\000-\000D\000a\000t\000e\000i\000r\000e\000f\000e\000r\000e\000n\000z}{chapter.8}% 364
\BOOKMARK [1][-]{section.8.41}{\376\377\0008\000.\0004\0001\000\040\000s\000r\000c\000/\000a\000p\000p\000l\000i\000c\000a\000t\000i\000o\000n\000\137\000s\000e\000r\000v\000e\000r\000/\000v\000i\000e\000w\000.\000h\000-\000D\000a\000t\000e\000i\000r\000e\000f\000e\000r\000e\000n\000z}{chapter.8}% 365
